# Wmlscope reporting on Tue Sep  3 15:54:37 2013
# Invocation: ./wmlscope -u /home/trewe/src/umc-campaigns/Return_from_Captivity /home/trewe/src/wesnoth/data/core /home/trewe/src/wesnoth/data/multiplayer /home/trewe/src/wesnoth/data/themes /home/trewe/src/wesnoth/data/campaigns/An_Orcish_Incursion /home/trewe/src/wesnoth/data/campaigns/Dead_Water /home/trewe/src/wesnoth/data/campaigns/Delfadors_Memoirs /home/trewe/src/wesnoth/data/campaigns/Descent_Into_Darkness /home/trewe/src/wesnoth/data/campaigns/Eastern_Invasion /home/trewe/src/wesnoth/data/campaigns/Heir_To_The_Throne /home/trewe/src/wesnoth/data/campaigns/Legend_of_Wesmere /home/trewe/src/wesnoth/data/campaigns/Liberty /home/trewe/src/wesnoth/data/campaigns/Northern_Rebirth /home/trewe/src/wesnoth/data/campaigns/Sceptre_of_Fire /home/trewe/src/wesnoth/data/campaigns/Son_Of_The_Black_Eye /home/trewe/src/wesnoth/data/campaigns/The_Hammer_of_Thursagan /home/trewe/src/wesnoth/data/campaigns/The_Rise_Of_Wesnoth /home/trewe/src/wesnoth/data/campaigns/The_South_Guard /home/trewe/src/wesnoth/data/campaigns/Two_Brothers /home/trewe/src/wesnoth/data/campaigns/Under_the_Burning_Suns /home/trewe/src/wesnoth/data/campaigns/tutorial
# Working directory: /home/trewe/src/wesnoth/data/tools
"/home/trewe/src/wesnoth/data/core/macros/schedules.cfg", line 6: more than one resource matching misc/schedule-dawn.png is visible here (/home/trewe/src/wesnoth/data/core/images/themes/classic/misc/schedule-dawn.png, /home/trewe/src/wesnoth/data/core/images/misc/schedule-dawn.png).
"/home/trewe/src/wesnoth/data/core/macros/schedules.cfg", line 17: more than one resource matching misc/schedule-morning.png is visible here (/home/trewe/src/wesnoth/data/core/images/misc/schedule-morning.png, /home/trewe/src/wesnoth/data/core/images/themes/classic/misc/schedule-morning.png).
"/home/trewe/src/wesnoth/data/core/macros/schedules.cfg", line 26: more than one resource matching misc/tod-schedule-24hrs.png is visible here (/home/trewe/src/wesnoth/data/core/images/misc/tod-schedule-24hrs.png, /home/trewe/src/wesnoth/data/core/images/themes/classic/misc/tod-schedule-24hrs.png).
"/home/trewe/src/wesnoth/data/core/macros/schedules.cfg", line 35: more than one resource matching misc/schedule-afternoon.png is visible here (/home/trewe/src/wesnoth/data/core/images/misc/schedule-afternoon.png, /home/trewe/src/wesnoth/data/core/images/themes/classic/misc/schedule-afternoon.png).
"/home/trewe/src/wesnoth/data/core/macros/schedules.cfg", line 44: more than one resource matching misc/schedule-dusk.png is visible here (/home/trewe/src/wesnoth/data/core/images/misc/schedule-dusk.png, /home/trewe/src/wesnoth/data/core/images/themes/classic/misc/schedule-dusk.png).
"/home/trewe/src/wesnoth/data/core/macros/schedules.cfg", line 55: more than one resource matching misc/schedule-firstwatch.png is visible here (/home/trewe/src/wesnoth/data/core/images/themes/classic/misc/schedule-firstwatch.png, /home/trewe/src/wesnoth/data/core/images/misc/schedule-firstwatch.png).
"/home/trewe/src/wesnoth/data/core/macros/schedules.cfg", line 67: more than one resource matching misc/tod-schedule-24hrs.png is visible here (/home/trewe/src/wesnoth/data/core/images/misc/tod-schedule-24hrs.png, /home/trewe/src/wesnoth/data/core/images/themes/classic/misc/tod-schedule-24hrs.png).
"/home/trewe/src/wesnoth/data/core/macros/schedules.cfg", line 79: more than one resource matching misc/schedule-secondwatch.png is visible here (/home/trewe/src/wesnoth/data/core/images/misc/schedule-secondwatch.png, /home/trewe/src/wesnoth/data/core/images/themes/classic/misc/schedule-secondwatch.png).
"/home/trewe/src/wesnoth/data/core/macros/schedules.cfg", line 91: more than one resource matching misc/schedule-indoors.png is visible here (/home/trewe/src/wesnoth/data/core/images/misc/schedule-indoors.png, /home/trewe/src/wesnoth/data/core/images/themes/classic/misc/schedule-indoors.png).
"/home/trewe/src/wesnoth/data/core/macros/schedules.cfg", line 99: more than one resource matching misc/schedule-underground.png is visible here (/home/trewe/src/wesnoth/data/core/images/themes/classic/misc/schedule-underground.png, /home/trewe/src/wesnoth/data/core/images/misc/schedule-underground.png).
"/home/trewe/src/wesnoth/data/core/macros/schedules.cfg", line 111: more than one resource matching misc/schedule-underground.png is visible here (/home/trewe/src/wesnoth/data/core/images/themes/classic/misc/schedule-underground.png, /home/trewe/src/wesnoth/data/core/images/misc/schedule-underground.png).
"/home/trewe/src/wesnoth/data/core/macros/schedules.cfg", line 201: more than one resource matching misc/tod-schedule-24hrs.png is visible here (/home/trewe/src/wesnoth/data/core/images/misc/tod-schedule-24hrs.png, /home/trewe/src/wesnoth/data/core/images/themes/classic/misc/tod-schedule-24hrs.png).
"/home/trewe/src/wesnoth/data/core/macros/schedules.cfg", line 213: more than one resource matching misc/tod-schedule-24hrs.png is visible here (/home/trewe/src/wesnoth/data/core/images/misc/tod-schedule-24hrs.png, /home/trewe/src/wesnoth/data/core/images/themes/classic/misc/tod-schedule-24hrs.png).
"/home/trewe/src/wesnoth/data/core/macros/schedules.cfg", line 225: more than one resource matching misc/tod-schedule-24hrs.png is visible here (/home/trewe/src/wesnoth/data/core/images/misc/tod-schedule-24hrs.png, /home/trewe/src/wesnoth/data/core/images/themes/classic/misc/tod-schedule-24hrs.png).
"/home/trewe/src/wesnoth/data/core/macros/schedules.cfg", line 237: more than one resource matching misc/tod-schedule-24hrs.png is visible here (/home/trewe/src/wesnoth/data/core/images/misc/tod-schedule-24hrs.png, /home/trewe/src/wesnoth/data/core/images/themes/classic/misc/tod-schedule-24hrs.png).
"/home/trewe/src/wesnoth/data/core/macros/schedules.cfg", line 249: more than one resource matching misc/tod-schedule-24hrs.png is visible here (/home/trewe/src/wesnoth/data/core/images/misc/tod-schedule-24hrs.png, /home/trewe/src/wesnoth/data/core/images/themes/classic/misc/tod-schedule-24hrs.png).
"/home/trewe/src/wesnoth/data/core/macros/schedules.cfg", line 261: more than one resource matching misc/tod-schedule-24hrs.png is visible here (/home/trewe/src/wesnoth/data/core/images/misc/tod-schedule-24hrs.png, /home/trewe/src/wesnoth/data/core/images/themes/classic/misc/tod-schedule-24hrs.png).
"/home/trewe/src/wesnoth/data/core/macros/schedules.cfg", line 273: more than one resource matching misc/tod-schedule-24hrs.png is visible here (/home/trewe/src/wesnoth/data/core/images/misc/tod-schedule-24hrs.png, /home/trewe/src/wesnoth/data/core/images/themes/classic/misc/tod-schedule-24hrs.png).
"/home/trewe/src/wesnoth/data/core/macros/schedules.cfg", line 285: more than one resource matching misc/tod-schedule-24hrs.png is visible here (/home/trewe/src/wesnoth/data/core/images/misc/tod-schedule-24hrs.png, /home/trewe/src/wesnoth/data/core/images/themes/classic/misc/tod-schedule-24hrs.png).
"/home/trewe/src/wesnoth/data/core/macros/schedules.cfg", line 296: more than one resource matching misc/tod-schedule-24hrs.png is visible here (/home/trewe/src/wesnoth/data/core/images/misc/tod-schedule-24hrs.png, /home/trewe/src/wesnoth/data/core/images/themes/classic/misc/tod-schedule-24hrs.png).
"/home/trewe/src/wesnoth/data/core/macros/schedules.cfg", line 305: more than one resource matching misc/tod-schedule-24hrs.png is visible here (/home/trewe/src/wesnoth/data/core/images/misc/tod-schedule-24hrs.png, /home/trewe/src/wesnoth/data/core/images/themes/classic/misc/tod-schedule-24hrs.png).
"/home/trewe/src/wesnoth/data/core/macros/schedules.cfg", line 314: more than one resource matching misc/tod-schedule-24hrs.png is visible here (/home/trewe/src/wesnoth/data/core/images/misc/tod-schedule-24hrs.png, /home/trewe/src/wesnoth/data/core/images/themes/classic/misc/tod-schedule-24hrs.png).
"/home/trewe/src/wesnoth/data/core/macros/schedules.cfg", line 323: more than one resource matching misc/tod-schedule-24hrs.png is visible here (/home/trewe/src/wesnoth/data/core/images/misc/tod-schedule-24hrs.png, /home/trewe/src/wesnoth/data/core/images/themes/classic/misc/tod-schedule-24hrs.png).
"/home/trewe/src/wesnoth/data/core/macros/schedules.cfg", line 332: more than one resource matching misc/tod-schedule-24hrs.png is visible here (/home/trewe/src/wesnoth/data/core/images/misc/tod-schedule-24hrs.png, /home/trewe/src/wesnoth/data/core/images/themes/classic/misc/tod-schedule-24hrs.png).
"/home/trewe/src/wesnoth/data/core/macros/schedules.cfg", line 341: more than one resource matching misc/tod-schedule-24hrs.png is visible here (/home/trewe/src/wesnoth/data/core/images/misc/tod-schedule-24hrs.png, /home/trewe/src/wesnoth/data/core/images/themes/classic/misc/tod-schedule-24hrs.png).
"/home/trewe/src/wesnoth/data/core/macros/schedules.cfg", line 350: more than one resource matching misc/tod-schedule-24hrs.png is visible here (/home/trewe/src/wesnoth/data/core/images/misc/tod-schedule-24hrs.png, /home/trewe/src/wesnoth/data/core/images/themes/classic/misc/tod-schedule-24hrs.png).
"/home/trewe/src/wesnoth/data/core/macros/schedules.cfg", line 359: more than one resource matching misc/tod-schedule-24hrs.png is visible here (/home/trewe/src/wesnoth/data/core/images/misc/tod-schedule-24hrs.png, /home/trewe/src/wesnoth/data/core/images/themes/classic/misc/tod-schedule-24hrs.png).
"/home/trewe/src/wesnoth/data/core/macros/schedules.cfg", line 368: more than one resource matching misc/tod-schedule-24hrs.png is visible here (/home/trewe/src/wesnoth/data/core/images/misc/tod-schedule-24hrs.png, /home/trewe/src/wesnoth/data/core/images/themes/classic/misc/tod-schedule-24hrs.png).
"/home/trewe/src/wesnoth/data/core/macros/schedules.cfg", line 377: more than one resource matching misc/tod-schedule-24hrs.png is visible here (/home/trewe/src/wesnoth/data/core/images/misc/tod-schedule-24hrs.png, /home/trewe/src/wesnoth/data/core/images/themes/classic/misc/tod-schedule-24hrs.png).
"/home/trewe/src/wesnoth/data/core/macros/schedules.cfg", line 386: more than one resource matching misc/tod-schedule-24hrs.png is visible here (/home/trewe/src/wesnoth/data/core/images/misc/tod-schedule-24hrs.png, /home/trewe/src/wesnoth/data/core/images/themes/classic/misc/tod-schedule-24hrs.png).
"/home/trewe/src/wesnoth/data/core/macros/schedules.cfg", line 397: more than one resource matching misc/tod-schedule-24hrs.png is visible here (/home/trewe/src/wesnoth/data/core/images/misc/tod-schedule-24hrs.png, /home/trewe/src/wesnoth/data/core/images/themes/classic/misc/tod-schedule-24hrs.png).
"/home/trewe/src/wesnoth/data/core/macros/schedules.cfg", line 408: more than one resource matching misc/tod-schedule-24hrs.png is visible here (/home/trewe/src/wesnoth/data/core/images/misc/tod-schedule-24hrs.png, /home/trewe/src/wesnoth/data/core/images/themes/classic/misc/tod-schedule-24hrs.png).
"/home/trewe/src/wesnoth/data/core/macros/schedules.cfg", line 420: more than one resource matching misc/tod-schedule-24hrs.png is visible here (/home/trewe/src/wesnoth/data/core/images/misc/tod-schedule-24hrs.png, /home/trewe/src/wesnoth/data/core/images/themes/classic/misc/tod-schedule-24hrs.png).
"/home/trewe/src/wesnoth/data/core/macros/schedules.cfg", line 432: more than one resource matching misc/tod-schedule-24hrs.png is visible here (/home/trewe/src/wesnoth/data/core/images/misc/tod-schedule-24hrs.png, /home/trewe/src/wesnoth/data/core/images/themes/classic/misc/tod-schedule-24hrs.png).
"/home/trewe/src/wesnoth/data/core/macros/schedules.cfg", line 444: more than one resource matching misc/tod-schedule-24hrs.png is visible here (/home/trewe/src/wesnoth/data/core/images/misc/tod-schedule-24hrs.png, /home/trewe/src/wesnoth/data/core/images/themes/classic/misc/tod-schedule-24hrs.png).
"/home/trewe/src/wesnoth/data/multiplayer/scenarios/2p_Dark_Forecast.cfg", line 1279: more than one resource matching misc/schedule-dawn.png is visible here (/home/trewe/src/wesnoth/data/core/images/themes/classic/misc/schedule-dawn.png, /home/trewe/src/wesnoth/data/core/images/misc/schedule-dawn.png).
"/home/trewe/src/wesnoth/data/multiplayer/scenarios/2p_Elensefar_Courtyard.cfg", line 114: more than one resource matching misc/schedule-underground-illum.png is visible here (/home/trewe/src/wesnoth/data/core/images/misc/schedule-underground-illum.png, /home/trewe/src/wesnoth/data/core/images/themes/classic/misc/schedule-underground-illum.png).
"/home/trewe/src/wesnoth/data/campaigns/Heir_To_The_Throne/utils/httt_utils.cfg", line 529: more than one resource matching misc/schedule-underground.png is visible here (/home/trewe/src/wesnoth/data/core/images/themes/classic/misc/schedule-underground.png, /home/trewe/src/wesnoth/data/core/images/misc/schedule-underground.png).
"/home/trewe/src/wesnoth/data/campaigns/The_South_Guard/scenarios/01_Born_to_the_Banner.cfg", line 368: more than one resource matching misc/schedule-firstwatch.png is visible here (/home/trewe/src/wesnoth/data/core/images/themes/classic/misc/schedule-firstwatch.png, /home/trewe/src/wesnoth/data/core/images/misc/schedule-firstwatch.png).
"/home/trewe/src/wesnoth/data/campaigns/The_South_Guard/scenarios/01_Born_to_the_Banner.cfg", line 394: more than one resource matching misc/schedule-dawn.png is visible here (/home/trewe/src/wesnoth/data/core/images/themes/classic/misc/schedule-dawn.png, /home/trewe/src/wesnoth/data/core/images/misc/schedule-dawn.png).
#Cross-reference time: 50 seconds
"/home/trewe/src/umc-campaigns/Return_from_Captivity/scenarios/07_The_Invisible_Legion.cfg", line 72: Unresolved reference -> CALCULATE_DISTANCE
"/home/trewe/src/wesnoth/data/core/editor/time-of-day.cfg", line 61: Unresolved reference -> TWO_SUNS_DEFAULT_SCHEDULE
"/home/trewe/src/wesnoth/data/campaigns/An_Orcish_Incursion/utils/bigmap.cfg", line 36: Unresolved reference -> NEW_JOURNEY
"/home/trewe/src/wesnoth/data/campaigns/An_Orcish_Incursion/utils/bigmap.cfg", line 37: Unresolved reference -> NEW_JOURNEY
"/home/trewe/src/wesnoth/data/campaigns/An_Orcish_Incursion/utils/bigmap.cfg", line 38: Unresolved reference -> NEW_JOURNEY
"/home/trewe/src/wesnoth/data/campaigns/An_Orcish_Incursion/utils/bigmap.cfg", line 52: Unresolved reference -> NEW_JOURNEY
"/home/trewe/src/wesnoth/data/campaigns/An_Orcish_Incursion/utils/bigmap.cfg", line 53: Unresolved reference -> NEW_JOURNEY
"/home/trewe/src/wesnoth/data/campaigns/An_Orcish_Incursion/utils/bigmap.cfg", line 54: Unresolved reference -> NEW_JOURNEY
"/home/trewe/src/wesnoth/data/campaigns/An_Orcish_Incursion/utils/bigmap.cfg", line 68: Unresolved reference -> NEW_JOURNEY
"/home/trewe/src/wesnoth/data/campaigns/An_Orcish_Incursion/utils/bigmap.cfg", line 69: Unresolved reference -> NEW_JOURNEY
"/home/trewe/src/wesnoth/data/campaigns/An_Orcish_Incursion/utils/bigmap.cfg", line 70: Unresolved reference -> NEW_JOURNEY
"/home/trewe/src/wesnoth/data/campaigns/An_Orcish_Incursion/utils/bigmap.cfg", line 71: Unresolved reference -> NEW_JOURNEY
"/home/trewe/src/wesnoth/data/campaigns/An_Orcish_Incursion/utils/bigmap.cfg", line 72: Unresolved reference -> NEW_JOURNEY
"/home/trewe/src/wesnoth/data/campaigns/An_Orcish_Incursion/utils/bigmap.cfg", line 73: Unresolved reference -> NEW_JOURNEY
"/home/trewe/src/wesnoth/data/campaigns/An_Orcish_Incursion/utils/bigmap.cfg", line 74: Unresolved reference -> NEW_JOURNEY
"/home/trewe/src/wesnoth/data/campaigns/An_Orcish_Incursion/utils/bigmap.cfg", line 92: Unresolved reference -> NEW_JOURNEY
"/home/trewe/src/wesnoth/data/campaigns/An_Orcish_Incursion/utils/bigmap.cfg", line 93: Unresolved reference -> NEW_JOURNEY
"/home/trewe/src/wesnoth/data/campaigns/An_Orcish_Incursion/utils/bigmap.cfg", line 106: Unresolved reference -> NEW_JOURNEY
"/home/trewe/src/wesnoth/data/campaigns/An_Orcish_Incursion/utils/bigmap.cfg", line 107: Unresolved reference -> NEW_JOURNEY
"/home/trewe/src/wesnoth/data/campaigns/An_Orcish_Incursion/utils/bigmap.cfg", line 120: Unresolved reference -> NEW_JOURNEY
"/home/trewe/src/wesnoth/data/campaigns/An_Orcish_Incursion/utils/bigmap.cfg", line 121: Unresolved reference -> NEW_JOURNEY
"/home/trewe/src/wesnoth/data/campaigns/An_Orcish_Incursion/utils/bigmap.cfg", line 122: Unresolved reference -> NEW_JOURNEY
"/home/trewe/src/wesnoth/data/campaigns/Dead_Water/scenarios/03_Wolf_Coast.cfg", line 31: Unresolved reference -> NEW_JOURNEY
"/home/trewe/src/wesnoth/data/campaigns/Dead_Water/scenarios/03_Wolf_Coast.cfg", line 32: Unresolved reference -> NEW_JOURNEY
"/home/trewe/src/wesnoth/data/campaigns/Dead_Water/scenarios/04_Slavers.cfg", line 51: Unresolved reference -> NEW_JOURNEY
"/home/trewe/src/wesnoth/data/campaigns/Dead_Water/scenarios/04_Slavers.cfg", line 52: Unresolved reference -> NEW_JOURNEY
"/home/trewe/src/wesnoth/data/campaigns/Dead_Water/scenarios/04_Slavers.cfg", line 53: Unresolved reference -> NEW_JOURNEY
"/home/trewe/src/wesnoth/data/campaigns/Dead_Water/scenarios/04_Slavers.cfg", line 54: Unresolved reference -> NEW_JOURNEY
"/home/trewe/src/wesnoth/data/campaigns/Dead_Water/scenarios/04_Slavers.cfg", line 55: Unresolved reference -> NEW_JOURNEY
"/home/trewe/src/wesnoth/data/campaigns/Dead_Water/scenarios/05_Tirigaz.cfg", line 47: Unresolved reference -> NEW_JOURNEY
"/home/trewe/src/wesnoth/data/campaigns/Dead_Water/scenarios/05_Tirigaz.cfg", line 48: Unresolved reference -> NEW_JOURNEY
"/home/trewe/src/wesnoth/data/campaigns/Dead_Water/scenarios/05_Tirigaz.cfg", line 49: Unresolved reference -> NEW_JOURNEY
"/home/trewe/src/wesnoth/data/campaigns/Dead_Water/scenarios/05_Tirigaz.cfg", line 50: Unresolved reference -> NEW_JOURNEY
"/home/trewe/src/wesnoth/data/campaigns/Dead_Water/scenarios/05_Tirigaz.cfg", line 51: Unresolved reference -> NEW_JOURNEY
"/home/trewe/src/wesnoth/data/campaigns/Dead_Water/scenarios/05_Tirigaz.cfg", line 52: Unresolved reference -> NEW_JOURNEY
"/home/trewe/src/wesnoth/data/campaigns/Dead_Water/scenarios/05_Tirigaz.cfg", line 53: Unresolved reference -> NEW_JOURNEY
"/home/trewe/src/wesnoth/data/campaigns/Dead_Water/scenarios/06_Uncharted_Islands.cfg", line 58: Unresolved reference -> NEW_JOURNEY
"/home/trewe/src/wesnoth/data/campaigns/Dead_Water/scenarios/06_Uncharted_Islands.cfg", line 59: Unresolved reference -> NEW_JOURNEY
"/home/trewe/src/wesnoth/data/campaigns/Dead_Water/scenarios/06_Uncharted_Islands.cfg", line 60: Unresolved reference -> NEW_JOURNEY
"/home/trewe/src/wesnoth/data/campaigns/Dead_Water/scenarios/07_Bilheld.cfg", line 60: Unresolved reference -> NEW_JOURNEY
"/home/trewe/src/wesnoth/data/campaigns/Dead_Water/scenarios/07_Bilheld.cfg", line 61: Unresolved reference -> NEW_JOURNEY
"/home/trewe/src/wesnoth/data/campaigns/Dead_Water/scenarios/08_Talking_to_Tyegea.cfg", line 46: Unresolved reference -> NEW_JOURNEY
"/home/trewe/src/wesnoth/data/campaigns/Dead_Water/scenarios/08_Talking_to_Tyegea.cfg", line 47: Unresolved reference -> NEW_JOURNEY
"/home/trewe/src/wesnoth/data/campaigns/Dead_Water/scenarios/08_Talking_to_Tyegea.cfg", line 48: Unresolved reference -> NEW_JOURNEY
"/home/trewe/src/wesnoth/data/campaigns/Dead_Water/scenarios/08_Talking_to_Tyegea.cfg", line 49: Unresolved reference -> NEW_JOURNEY
"/home/trewe/src/wesnoth/data/campaigns/Dead_Water/scenarios/08_Talking_to_Tyegea.cfg", line 50: Unresolved reference -> NEW_JOURNEY
"/home/trewe/src/wesnoth/data/campaigns/Dead_Water/scenarios/08_Talking_to_Tyegea.cfg", line 51: Unresolved reference -> NEW_JOURNEY
"/home/trewe/src/wesnoth/data/campaigns/Dead_Water/scenarios/08_Talking_to_Tyegea.cfg", line 52: Unresolved reference -> NEW_JOURNEY
"/home/trewe/src/wesnoth/data/campaigns/Dead_Water/scenarios/09_The_Mage.cfg", line 63: Unresolved reference -> NEW_JOURNEY
"/home/trewe/src/wesnoth/data/campaigns/Dead_Water/scenarios/09_The_Mage.cfg", line 64: Unresolved reference -> NEW_JOURNEY
"/home/trewe/src/wesnoth/data/campaigns/Dead_Water/scenarios/09_The_Mage.cfg", line 65: Unresolved reference -> NEW_JOURNEY
"/home/trewe/src/wesnoth/data/campaigns/Dead_Water/scenarios/09_The_Mage.cfg", line 66: Unresolved reference -> NEW_JOURNEY
"/home/trewe/src/wesnoth/data/campaigns/Dead_Water/scenarios/09_The_Mage.cfg", line 67: Unresolved reference -> NEW_JOURNEY
"/home/trewe/src/wesnoth/data/campaigns/Dead_Water/scenarios/09_The_Mage.cfg", line 68: Unresolved reference -> NEW_JOURNEY
"/home/trewe/src/wesnoth/data/campaigns/Dead_Water/scenarios/09_The_Mage.cfg", line 69: Unresolved reference -> NEW_JOURNEY
"/home/trewe/src/wesnoth/data/campaigns/Dead_Water/scenarios/09_The_Mage.cfg", line 70: Unresolved reference -> NEW_JOURNEY
"/home/trewe/src/wesnoth/data/campaigns/Dead_Water/scenarios/09_The_Mage.cfg", line 71: Unresolved reference -> NEW_JOURNEY
"/home/trewe/src/wesnoth/data/campaigns/Dead_Water/scenarios/09_The_Mage.cfg", line 72: Unresolved reference -> NEW_JOURNEY
"/home/trewe/src/wesnoth/data/campaigns/Dead_Water/scenarios/09_The_Mage.cfg", line 73: Unresolved reference -> NEW_JOURNEY
"/home/trewe/src/wesnoth/data/campaigns/Dead_Water/scenarios/09_The_Mage.cfg", line 74: Unresolved reference -> NEW_JOURNEY
"/home/trewe/src/wesnoth/data/campaigns/Dead_Water/scenarios/09_The_Mage.cfg", line 75: Unresolved reference -> NEW_JOURNEY
"/home/trewe/src/wesnoth/data/campaigns/Dead_Water/scenarios/10_The_Flaming_Sword.cfg", line 75: Unresolved reference -> NEW_JOURNEY
"/home/trewe/src/wesnoth/data/campaigns/Dead_Water/scenarios/10_The_Flaming_Sword.cfg", line 76: Unresolved reference -> NEW_JOURNEY
"/home/trewe/src/wesnoth/data/campaigns/Dead_Water/scenarios/10_The_Flaming_Sword.cfg", line 77: Unresolved reference -> NEW_JOURNEY
"/home/trewe/src/wesnoth/data/campaigns/Dead_Water/scenarios/10_The_Flaming_Sword.cfg", line 78: Unresolved reference -> NEW_JOURNEY
"/home/trewe/src/wesnoth/data/campaigns/Dead_Water/scenarios/11_Getting_Help.cfg", line 70: Unresolved reference -> NEW_JOURNEY
"/home/trewe/src/wesnoth/data/campaigns/Dead_Water/scenarios/11_Getting_Help.cfg", line 71: Unresolved reference -> NEW_JOURNEY
"/home/trewe/src/wesnoth/data/campaigns/Dead_Water/scenarios/11_Getting_Help.cfg", line 72: Unresolved reference -> NEW_JOURNEY
"/home/trewe/src/wesnoth/data/campaigns/Dead_Water/scenarios/11_Getting_Help.cfg", line 73: Unresolved reference -> NEW_JOURNEY
"/home/trewe/src/wesnoth/data/campaigns/Dead_Water/scenarios/11_Getting_Help.cfg", line 74: Unresolved reference -> NEW_JOURNEY
"/home/trewe/src/wesnoth/data/campaigns/Dead_Water/scenarios/11_Getting_Help.cfg", line 75: Unresolved reference -> NEW_JOURNEY
"/home/trewe/src/wesnoth/data/campaigns/Dead_Water/scenarios/11_Getting_Help.cfg", line 76: Unresolved reference -> NEW_JOURNEY
"/home/trewe/src/wesnoth/data/campaigns/Dead_Water/scenarios/11_Getting_Help.cfg", line 77: Unresolved reference -> NEW_JOURNEY
"/home/trewe/src/wesnoth/data/campaigns/Dead_Water/scenarios/11_Getting_Help.cfg", line 78: Unresolved reference -> NEW_JOURNEY
"/home/trewe/src/wesnoth/data/campaigns/Dead_Water/scenarios/11_Getting_Help.cfg", line 79: Unresolved reference -> NEW_JOURNEY
"/home/trewe/src/wesnoth/data/campaigns/Dead_Water/scenarios/11_Getting_Help.cfg", line 80: Unresolved reference -> NEW_JOURNEY
"/home/trewe/src/wesnoth/data/campaigns/Dead_Water/scenarios/11_Getting_Help.cfg", line 81: Unresolved reference -> NEW_JOURNEY
"/home/trewe/src/wesnoth/data/campaigns/Dead_Water/scenarios/11_Getting_Help.cfg", line 82: Unresolved reference -> NEW_JOURNEY
"/home/trewe/src/wesnoth/data/campaigns/Dead_Water/scenarios/11_Getting_Help.cfg", line 83: Unresolved reference -> NEW_JOURNEY
"/home/trewe/src/wesnoth/data/campaigns/Dead_Water/scenarios/11_Getting_Help.cfg", line 84: Unresolved reference -> NEW_JOURNEY
"/home/trewe/src/wesnoth/data/campaigns/Dead_Water/scenarios/12_Revenge.cfg", line 89: Unresolved reference -> NEW_JOURNEY
"/home/trewe/src/wesnoth/data/campaigns/Dead_Water/scenarios/12_Revenge.cfg", line 90: Unresolved reference -> NEW_JOURNEY
"/home/trewe/src/wesnoth/data/campaigns/Dead_Water/scenarios/12_Revenge.cfg", line 91: Unresolved reference -> NEW_JOURNEY
"/home/trewe/src/wesnoth/data/campaigns/Dead_Water/scenarios/12_Revenge.cfg", line 92: Unresolved reference -> NEW_JOURNEY
"/home/trewe/src/wesnoth/data/campaigns/Dead_Water/scenarios/12_Revenge.cfg", line 93: Unresolved reference -> NEW_JOURNEY
"/home/trewe/src/wesnoth/data/campaigns/Dead_Water/scenarios/12_Revenge.cfg", line 94: Unresolved reference -> NEW_JOURNEY
"/home/trewe/src/wesnoth/data/campaigns/Dead_Water/scenarios/12_Revenge.cfg", line 95: Unresolved reference -> NEW_JOURNEY
"/home/trewe/src/wesnoth/data/campaigns/Dead_Water/scenarios/12_Revenge.cfg", line 96: Unresolved reference -> NEW_JOURNEY
"/home/trewe/src/wesnoth/data/campaigns/Dead_Water/scenarios/12_Revenge.cfg", line 97: Unresolved reference -> NEW_JOURNEY
"/home/trewe/src/wesnoth/data/campaigns/Dead_Water/scenarios/12_Revenge.cfg", line 98: Unresolved reference -> NEW_JOURNEY
"/home/trewe/src/wesnoth/data/campaigns/Dead_Water/scenarios/12_Revenge.cfg", line 99: Unresolved reference -> NEW_JOURNEY
"/home/trewe/src/wesnoth/data/campaigns/Dead_Water/scenarios/12_Revenge.cfg", line 100: Unresolved reference -> NEW_JOURNEY
"/home/trewe/src/wesnoth/data/campaigns/Dead_Water/scenarios/12_Revenge.cfg", line 101: Unresolved reference -> NEW_JOURNEY
"/home/trewe/src/wesnoth/data/campaigns/Dead_Water/scenarios/12_Revenge.cfg", line 102: Unresolved reference -> NEW_JOURNEY
"/home/trewe/src/wesnoth/data/campaigns/Dead_Water/scenarios/12_Revenge.cfg", line 103: Unresolved reference -> NEW_JOURNEY
"/home/trewe/src/wesnoth/data/campaigns/Dead_Water/scenarios/12_Revenge.cfg", line 104: Unresolved reference -> NEW_JOURNEY
"/home/trewe/src/wesnoth/data/campaigns/Dead_Water/scenarios/12_Revenge.cfg", line 105: Unresolved reference -> NEW_JOURNEY
"/home/trewe/src/wesnoth/data/campaigns/Dead_Water/scenarios/12_Revenge.cfg", line 106: Unresolved reference -> NEW_JOURNEY
"/home/trewe/src/wesnoth/data/campaigns/Dead_Water/scenarios/12_Revenge.cfg", line 107: Unresolved reference -> NEW_JOURNEY
"/home/trewe/src/wesnoth/data/campaigns/Delfadors_Memoirs/utils/journey.cfg", line 18: Unresolved reference -> NEW_JOURNEY
"/home/trewe/src/wesnoth/data/campaigns/Delfadors_Memoirs/utils/journey.cfg", line 32: Unresolved reference -> NEW_JOURNEY
"/home/trewe/src/wesnoth/data/campaigns/Delfadors_Memoirs/utils/journey.cfg", line 50: Unresolved reference -> NEW_JOURNEY
"/home/trewe/src/wesnoth/data/campaigns/Delfadors_Memoirs/utils/journey.cfg", line 72: Unresolved reference -> NEW_JOURNEY
"/home/trewe/src/wesnoth/data/campaigns/Delfadors_Memoirs/utils/journey.cfg", line 73: Unresolved reference -> NEW_JOURNEY
"/home/trewe/src/wesnoth/data/campaigns/Delfadors_Memoirs/utils/journey.cfg", line 74: Unresolved reference -> NEW_JOURNEY
"/home/trewe/src/wesnoth/data/campaigns/Delfadors_Memoirs/utils/journey.cfg", line 75: Unresolved reference -> NEW_JOURNEY
"/home/trewe/src/wesnoth/data/campaigns/Delfadors_Memoirs/utils/journey.cfg", line 76: Unresolved reference -> NEW_JOURNEY
"/home/trewe/src/wesnoth/data/campaigns/Delfadors_Memoirs/utils/journey.cfg", line 77: Unresolved reference -> NEW_JOURNEY
"/home/trewe/src/wesnoth/data/campaigns/Delfadors_Memoirs/utils/journey.cfg", line 78: Unresolved reference -> NEW_JOURNEY
"/home/trewe/src/wesnoth/data/campaigns/Delfadors_Memoirs/utils/journey.cfg", line 79: Unresolved reference -> NEW_JOURNEY
"/home/trewe/src/wesnoth/data/campaigns/Delfadors_Memoirs/utils/journey.cfg", line 80: Unresolved reference -> NEW_JOURNEY
"/home/trewe/src/wesnoth/data/campaigns/Delfadors_Memoirs/utils/journey.cfg", line 81: Unresolved reference -> NEW_JOURNEY
"/home/trewe/src/wesnoth/data/campaigns/Delfadors_Memoirs/utils/journey.cfg", line 82: Unresolved reference -> NEW_JOURNEY
"/home/trewe/src/wesnoth/data/campaigns/Delfadors_Memoirs/utils/journey.cfg", line 83: Unresolved reference -> NEW_JOURNEY
"/home/trewe/src/wesnoth/data/campaigns/Delfadors_Memoirs/utils/journey.cfg", line 84: Unresolved reference -> NEW_JOURNEY
"/home/trewe/src/wesnoth/data/campaigns/Delfadors_Memoirs/utils/journey.cfg", line 85: Unresolved reference -> NEW_JOURNEY
"/home/trewe/src/wesnoth/data/campaigns/Delfadors_Memoirs/utils/journey.cfg", line 137: Unresolved reference -> NEW_JOURNEY
"/home/trewe/src/wesnoth/data/campaigns/Delfadors_Memoirs/utils/journey.cfg", line 193: Unresolved reference -> NEW_JOURNEY
"/home/trewe/src/wesnoth/data/campaigns/Delfadors_Memoirs/utils/journey.cfg", line 265: Unresolved reference -> NEW_JOURNEY
"/home/trewe/src/wesnoth/data/campaigns/Delfadors_Memoirs/utils/journey.cfg", line 266: Unresolved reference -> NEW_JOURNEY
"/home/trewe/src/wesnoth/data/campaigns/Delfadors_Memoirs/utils/journey.cfg", line 267: Unresolved reference -> NEW_JOURNEY
"/home/trewe/src/wesnoth/data/campaigns/Delfadors_Memoirs/utils/journey.cfg", line 268: Unresolved reference -> NEW_JOURNEY
"/home/trewe/src/wesnoth/data/campaigns/Delfadors_Memoirs/utils/journey.cfg", line 269: Unresolved reference -> NEW_JOURNEY
"/home/trewe/src/wesnoth/data/campaigns/Delfadors_Memoirs/utils/journey.cfg", line 270: Unresolved reference -> NEW_JOURNEY
"/home/trewe/src/wesnoth/data/campaigns/Delfadors_Memoirs/utils/journey.cfg", line 271: Unresolved reference -> NEW_JOURNEY
"/home/trewe/src/wesnoth/data/campaigns/Delfadors_Memoirs/utils/journey.cfg", line 272: Unresolved reference -> NEW_JOURNEY
"/home/trewe/src/wesnoth/data/campaigns/Delfadors_Memoirs/utils/journey.cfg", line 273: Unresolved reference -> NEW_JOURNEY
"/home/trewe/src/wesnoth/data/campaigns/Delfadors_Memoirs/utils/journey.cfg", line 306: Unresolved reference -> NEW_JOURNEY
"/home/trewe/src/wesnoth/data/campaigns/Delfadors_Memoirs/utils/journey.cfg", line 307: Unresolved reference -> NEW_JOURNEY
"/home/trewe/src/wesnoth/data/campaigns/Delfadors_Memoirs/utils/journey.cfg", line 308: Unresolved reference -> NEW_JOURNEY
"/home/trewe/src/wesnoth/data/campaigns/Delfadors_Memoirs/utils/journey.cfg", line 309: Unresolved reference -> NEW_JOURNEY
"/home/trewe/src/wesnoth/data/campaigns/Delfadors_Memoirs/utils/journey.cfg", line 310: Unresolved reference -> NEW_JOURNEY
"/home/trewe/src/wesnoth/data/campaigns/Delfadors_Memoirs/utils/journey.cfg", line 351: Unresolved reference -> NEW_JOURNEY
"/home/trewe/src/wesnoth/data/campaigns/Delfadors_Memoirs/utils/journey.cfg", line 352: Unresolved reference -> NEW_JOURNEY
"/home/trewe/src/wesnoth/data/campaigns/Delfadors_Memoirs/utils/journey.cfg", line 353: Unresolved reference -> NEW_JOURNEY
"/home/trewe/src/wesnoth/data/campaigns/Delfadors_Memoirs/utils/journey.cfg", line 354: Unresolved reference -> NEW_JOURNEY
"/home/trewe/src/wesnoth/data/campaigns/Delfadors_Memoirs/utils/journey.cfg", line 355: Unresolved reference -> NEW_JOURNEY
"/home/trewe/src/wesnoth/data/campaigns/Delfadors_Memoirs/utils/journey.cfg", line 392: Unresolved reference -> NEW_JOURNEY
"/home/trewe/src/wesnoth/data/campaigns/Delfadors_Memoirs/utils/journey.cfg", line 393: Unresolved reference -> NEW_JOURNEY
"/home/trewe/src/wesnoth/data/campaigns/Delfadors_Memoirs/utils/journey.cfg", line 394: Unresolved reference -> NEW_JOURNEY
"/home/trewe/src/wesnoth/data/campaigns/Delfadors_Memoirs/utils/journey.cfg", line 395: Unresolved reference -> NEW_JOURNEY
"/home/trewe/src/wesnoth/data/campaigns/Delfadors_Memoirs/utils/journey.cfg", line 396: Unresolved reference -> NEW_JOURNEY
"/home/trewe/src/wesnoth/data/campaigns/Delfadors_Memoirs/utils/journey.cfg", line 416: Unresolved reference -> NEW_JOURNEY
"/home/trewe/src/wesnoth/data/campaigns/Delfadors_Memoirs/utils/journey.cfg", line 417: Unresolved reference -> NEW_JOURNEY
"/home/trewe/src/wesnoth/data/campaigns/Delfadors_Memoirs/utils/journey.cfg", line 418: Unresolved reference -> NEW_JOURNEY
"/home/trewe/src/wesnoth/data/campaigns/Delfadors_Memoirs/utils/journey.cfg", line 419: Unresolved reference -> NEW_JOURNEY
"/home/trewe/src/wesnoth/data/campaigns/Delfadors_Memoirs/utils/journey.cfg", line 420: Unresolved reference -> NEW_JOURNEY
"/home/trewe/src/wesnoth/data/campaigns/Delfadors_Memoirs/utils/journey.cfg", line 421: Unresolved reference -> NEW_JOURNEY
"/home/trewe/src/wesnoth/data/campaigns/Delfadors_Memoirs/utils/journey.cfg", line 422: Unresolved reference -> NEW_JOURNEY
"/home/trewe/src/wesnoth/data/campaigns/Delfadors_Memoirs/utils/journey.cfg", line 423: Unresolved reference -> NEW_JOURNEY
"/home/trewe/src/wesnoth/data/campaigns/Delfadors_Memoirs/utils/journey.cfg", line 424: Unresolved reference -> NEW_JOURNEY
"/home/trewe/src/wesnoth/data/campaigns/Delfadors_Memoirs/utils/journey.cfg", line 425: Unresolved reference -> NEW_JOURNEY
"/home/trewe/src/wesnoth/data/campaigns/Delfadors_Memoirs/utils/journey.cfg", line 426: Unresolved reference -> NEW_JOURNEY
"/home/trewe/src/wesnoth/data/campaigns/Delfadors_Memoirs/utils/journey.cfg", line 427: Unresolved reference -> NEW_JOURNEY
"/home/trewe/src/wesnoth/data/campaigns/Delfadors_Memoirs/utils/journey.cfg", line 428: Unresolved reference -> NEW_JOURNEY
"/home/trewe/src/wesnoth/data/campaigns/Delfadors_Memoirs/utils/journey.cfg", line 429: Unresolved reference -> NEW_JOURNEY
"/home/trewe/src/wesnoth/data/campaigns/Delfadors_Memoirs/utils/journey.cfg", line 430: Unresolved reference -> NEW_JOURNEY
"/home/trewe/src/wesnoth/data/campaigns/Delfadors_Memoirs/utils/journey.cfg", line 431: Unresolved reference -> NEW_JOURNEY
"/home/trewe/src/wesnoth/data/campaigns/Delfadors_Memoirs/utils/journey.cfg", line 432: Unresolved reference -> NEW_JOURNEY
"/home/trewe/src/wesnoth/data/campaigns/Delfadors_Memoirs/utils/journey.cfg", line 433: Unresolved reference -> NEW_JOURNEY
"/home/trewe/src/wesnoth/data/campaigns/Delfadors_Memoirs/utils/journey.cfg", line 434: Unresolved reference -> NEW_JOURNEY
"/home/trewe/src/wesnoth/data/campaigns/Delfadors_Memoirs/utils/journey.cfg", line 435: Unresolved reference -> NEW_JOURNEY
"/home/trewe/src/wesnoth/data/campaigns/Delfadors_Memoirs/utils/journey.cfg", line 436: Unresolved reference -> NEW_JOURNEY
"/home/trewe/src/wesnoth/data/campaigns/Delfadors_Memoirs/utils/journey.cfg", line 437: Unresolved reference -> NEW_JOURNEY
"/home/trewe/src/wesnoth/data/campaigns/Delfadors_Memoirs/utils/journey.cfg", line 438: Unresolved reference -> NEW_JOURNEY
"/home/trewe/src/wesnoth/data/campaigns/Delfadors_Memoirs/utils/journey.cfg", line 506: Unresolved reference -> NEW_JOURNEY
"/home/trewe/src/wesnoth/data/campaigns/Delfadors_Memoirs/utils/journey.cfg", line 507: Unresolved reference -> NEW_JOURNEY
"/home/trewe/src/wesnoth/data/campaigns/Delfadors_Memoirs/utils/journey.cfg", line 508: Unresolved reference -> NEW_JOURNEY
"/home/trewe/src/wesnoth/data/campaigns/Delfadors_Memoirs/utils/journey.cfg", line 509: Unresolved reference -> NEW_JOURNEY
"/home/trewe/src/wesnoth/data/campaigns/Delfadors_Memoirs/utils/journey.cfg", line 510: Unresolved reference -> NEW_JOURNEY
"/home/trewe/src/wesnoth/data/campaigns/Delfadors_Memoirs/utils/journey.cfg", line 511: Unresolved reference -> NEW_JOURNEY
"/home/trewe/src/wesnoth/data/campaigns/Delfadors_Memoirs/utils/journey.cfg", line 512: Unresolved reference -> NEW_JOURNEY
"/home/trewe/src/wesnoth/data/campaigns/Delfadors_Memoirs/utils/journey.cfg", line 513: Unresolved reference -> NEW_JOURNEY
"/home/trewe/src/wesnoth/data/campaigns/Delfadors_Memoirs/utils/journey.cfg", line 514: Unresolved reference -> NEW_JOURNEY
"/home/trewe/src/wesnoth/data/campaigns/Delfadors_Memoirs/utils/journey.cfg", line 515: Unresolved reference -> NEW_JOURNEY
"/home/trewe/src/wesnoth/data/campaigns/Delfadors_Memoirs/utils/journey.cfg", line 516: Unresolved reference -> NEW_JOURNEY
"/home/trewe/src/wesnoth/data/campaigns/Delfadors_Memoirs/utils/journey.cfg", line 517: Unresolved reference -> NEW_JOURNEY
"/home/trewe/src/wesnoth/data/campaigns/Delfadors_Memoirs/utils/journey.cfg", line 518: Unresolved reference -> NEW_JOURNEY
"/home/trewe/src/wesnoth/data/campaigns/Delfadors_Memoirs/utils/journey.cfg", line 519: Unresolved reference -> NEW_JOURNEY
"/home/trewe/src/wesnoth/data/campaigns/Delfadors_Memoirs/utils/journey.cfg", line 520: Unresolved reference -> NEW_JOURNEY
"/home/trewe/src/wesnoth/data/campaigns/Delfadors_Memoirs/utils/journey.cfg", line 620: Unresolved reference -> NEW_JOURNEY
"/home/trewe/src/wesnoth/data/campaigns/Delfadors_Memoirs/utils/journey.cfg", line 621: Unresolved reference -> NEW_JOURNEY
"/home/trewe/src/wesnoth/data/campaigns/Delfadors_Memoirs/utils/journey.cfg", line 622: Unresolved reference -> NEW_JOURNEY
"/home/trewe/src/wesnoth/data/campaigns/Delfadors_Memoirs/utils/journey.cfg", line 623: Unresolved reference -> NEW_JOURNEY
"/home/trewe/src/wesnoth/data/campaigns/Delfadors_Memoirs/utils/journey.cfg", line 624: Unresolved reference -> NEW_JOURNEY
"/home/trewe/src/wesnoth/data/campaigns/Delfadors_Memoirs/utils/journey.cfg", line 736: Unresolved reference -> NEW_JOURNEY
"/home/trewe/src/wesnoth/data/campaigns/Delfadors_Memoirs/utils/journey.cfg", line 737: Unresolved reference -> NEW_JOURNEY
"/home/trewe/src/wesnoth/data/campaigns/Delfadors_Memoirs/utils/journey.cfg", line 738: Unresolved reference -> NEW_JOURNEY
"/home/trewe/src/wesnoth/data/campaigns/Delfadors_Memoirs/utils/journey.cfg", line 739: Unresolved reference -> NEW_JOURNEY
"/home/trewe/src/wesnoth/data/campaigns/Delfadors_Memoirs/utils/journey.cfg", line 740: Unresolved reference -> NEW_JOURNEY
"/home/trewe/src/wesnoth/data/campaigns/Delfadors_Memoirs/utils/journey.cfg", line 741: Unresolved reference -> NEW_JOURNEY
"/home/trewe/src/wesnoth/data/campaigns/Delfadors_Memoirs/utils/journey.cfg", line 742: Unresolved reference -> NEW_JOURNEY
"/home/trewe/src/wesnoth/data/campaigns/Delfadors_Memoirs/utils/journey.cfg", line 743: Unresolved reference -> NEW_JOURNEY
"/home/trewe/src/wesnoth/data/campaigns/Delfadors_Memoirs/utils/journey.cfg", line 744: Unresolved reference -> NEW_JOURNEY
"/home/trewe/src/wesnoth/data/campaigns/Delfadors_Memoirs/utils/journey.cfg", line 745: Unresolved reference -> NEW_JOURNEY
"/home/trewe/src/wesnoth/data/campaigns/Delfadors_Memoirs/utils/journey.cfg", line 746: Unresolved reference -> NEW_JOURNEY
"/home/trewe/src/wesnoth/data/campaigns/Eastern_Invasion/utils/journey.cfg", line 20: Unresolved reference -> NEW_JOURNEY
"/home/trewe/src/wesnoth/data/campaigns/Eastern_Invasion/utils/journey.cfg", line 21: Unresolved reference -> NEW_JOURNEY
"/home/trewe/src/wesnoth/data/campaigns/Eastern_Invasion/utils/journey.cfg", line 40: Unresolved reference -> NEW_JOURNEY
"/home/trewe/src/wesnoth/data/campaigns/Eastern_Invasion/utils/journey.cfg", line 41: Unresolved reference -> NEW_JOURNEY
"/home/trewe/src/wesnoth/data/campaigns/Eastern_Invasion/utils/journey.cfg", line 55: Unresolved reference -> NEW_JOURNEY
"/home/trewe/src/wesnoth/data/campaigns/Eastern_Invasion/utils/journey.cfg", line 56: Unresolved reference -> NEW_JOURNEY
"/home/trewe/src/wesnoth/data/campaigns/Eastern_Invasion/utils/journey.cfg", line 79: Unresolved reference -> NEW_JOURNEY
"/home/trewe/src/wesnoth/data/campaigns/Eastern_Invasion/utils/journey.cfg", line 80: Unresolved reference -> NEW_JOURNEY
"/home/trewe/src/wesnoth/data/campaigns/Eastern_Invasion/utils/journey.cfg", line 81: Unresolved reference -> NEW_JOURNEY
"/home/trewe/src/wesnoth/data/campaigns/Eastern_Invasion/utils/journey.cfg", line 97: Unresolved reference -> NEW_JOURNEY
"/home/trewe/src/wesnoth/data/campaigns/Eastern_Invasion/utils/journey.cfg", line 117: Unresolved reference -> NEW_JOURNEY
"/home/trewe/src/wesnoth/data/campaigns/Eastern_Invasion/utils/journey.cfg", line 118: Unresolved reference -> NEW_JOURNEY
"/home/trewe/src/wesnoth/data/campaigns/Eastern_Invasion/utils/journey.cfg", line 119: Unresolved reference -> NEW_JOURNEY
"/home/trewe/src/wesnoth/data/campaigns/Eastern_Invasion/utils/journey.cfg", line 120: Unresolved reference -> NEW_JOURNEY
"/home/trewe/src/wesnoth/data/campaigns/Eastern_Invasion/utils/journey.cfg", line 121: Unresolved reference -> NEW_JOURNEY
"/home/trewe/src/wesnoth/data/campaigns/Eastern_Invasion/utils/journey.cfg", line 122: Unresolved reference -> NEW_JOURNEY
"/home/trewe/src/wesnoth/data/campaigns/Eastern_Invasion/utils/journey.cfg", line 159: Unresolved reference -> NEW_JOURNEY
"/home/trewe/src/wesnoth/data/campaigns/Eastern_Invasion/utils/journey.cfg", line 174: Unresolved reference -> NEW_JOURNEY
"/home/trewe/src/wesnoth/data/campaigns/Eastern_Invasion/utils/journey.cfg", line 175: Unresolved reference -> NEW_JOURNEY
"/home/trewe/src/wesnoth/data/campaigns/Eastern_Invasion/utils/journey.cfg", line 189: Unresolved reference -> NEW_JOURNEY
"/home/trewe/src/wesnoth/data/campaigns/Eastern_Invasion/utils/journey.cfg", line 190: Unresolved reference -> NEW_JOURNEY
"/home/trewe/src/wesnoth/data/campaigns/Eastern_Invasion/utils/journey.cfg", line 213: Unresolved reference -> NEW_JOURNEY
"/home/trewe/src/wesnoth/data/campaigns/Eastern_Invasion/utils/journey.cfg", line 225: Unresolved reference -> NEW_JOURNEY
"/home/trewe/src/wesnoth/data/campaigns/Eastern_Invasion/utils/journey.cfg", line 226: Unresolved reference -> NEW_JOURNEY
"/home/trewe/src/wesnoth/data/campaigns/Eastern_Invasion/utils/journey.cfg", line 227: Unresolved reference -> NEW_JOURNEY
"/home/trewe/src/wesnoth/data/campaigns/Eastern_Invasion/utils/journey.cfg", line 228: Unresolved reference -> NEW_JOURNEY
"/home/trewe/src/wesnoth/data/campaigns/Eastern_Invasion/utils/journey.cfg", line 253: Unresolved reference -> NEW_JOURNEY
"/home/trewe/src/wesnoth/data/campaigns/Eastern_Invasion/utils/journey.cfg", line 254: Unresolved reference -> NEW_JOURNEY
"/home/trewe/src/wesnoth/data/campaigns/Eastern_Invasion/utils/journey.cfg", line 268: Unresolved reference -> NEW_JOURNEY
"/home/trewe/src/wesnoth/data/campaigns/Eastern_Invasion/utils/journey.cfg", line 269: Unresolved reference -> NEW_JOURNEY
"/home/trewe/src/wesnoth/data/campaigns/Eastern_Invasion/utils/journey.cfg", line 270: Unresolved reference -> NEW_JOURNEY
"/home/trewe/src/wesnoth/data/campaigns/Eastern_Invasion/utils/journey.cfg", line 292: Unresolved reference -> NEW_JOURNEY
"/home/trewe/src/wesnoth/data/campaigns/Eastern_Invasion/utils/journey.cfg", line 293: Unresolved reference -> NEW_JOURNEY
"/home/trewe/src/wesnoth/data/campaigns/Eastern_Invasion/utils/journey.cfg", line 294: Unresolved reference -> NEW_JOURNEY
"/home/trewe/src/wesnoth/data/campaigns/Eastern_Invasion/utils/journey.cfg", line 295: Unresolved reference -> NEW_JOURNEY
"/home/trewe/src/wesnoth/data/campaigns/Eastern_Invasion/utils/journey.cfg", line 296: Unresolved reference -> NEW_JOURNEY
"/home/trewe/src/wesnoth/data/campaigns/Eastern_Invasion/utils/journey.cfg", line 297: Unresolved reference -> NEW_JOURNEY
"/home/trewe/src/wesnoth/data/campaigns/Eastern_Invasion/utils/journey.cfg", line 298: Unresolved reference -> NEW_JOURNEY
"/home/trewe/src/wesnoth/data/campaigns/Eastern_Invasion/utils/journey.cfg", line 299: Unresolved reference -> NEW_JOURNEY
"/home/trewe/src/wesnoth/data/campaigns/Eastern_Invasion/utils/journey.cfg", line 339: Unresolved reference -> NEW_JOURNEY
"/home/trewe/src/wesnoth/data/campaigns/Eastern_Invasion/utils/journey.cfg", line 383: Unresolved reference -> NEW_JOURNEY
"/home/trewe/src/wesnoth/data/campaigns/Eastern_Invasion/utils/journey.cfg", line 384: Unresolved reference -> NEW_JOURNEY
"/home/trewe/src/wesnoth/data/campaigns/Legend_of_Wesmere/utils/journey.cfg", line 18: Unresolved reference -> NEW_JOURNEY
"/home/trewe/src/wesnoth/data/campaigns/Legend_of_Wesmere/utils/journey.cfg", line 19: Unresolved reference -> NEW_JOURNEY
"/home/trewe/src/wesnoth/data/campaigns/Legend_of_Wesmere/utils/journey.cfg", line 20: Unresolved reference -> NEW_JOURNEY
"/home/trewe/src/wesnoth/data/campaigns/Legend_of_Wesmere/utils/journey.cfg", line 21: Unresolved reference -> NEW_JOURNEY
"/home/trewe/src/wesnoth/data/campaigns/Legend_of_Wesmere/utils/journey.cfg", line 22: Unresolved reference -> NEW_JOURNEY
"/home/trewe/src/wesnoth/data/campaigns/Legend_of_Wesmere/utils/journey.cfg", line 23: Unresolved reference -> NEW_JOURNEY
"/home/trewe/src/wesnoth/data/campaigns/Legend_of_Wesmere/utils/journey.cfg", line 47: Unresolved reference -> NEW_JOURNEY
"/home/trewe/src/wesnoth/data/campaigns/Legend_of_Wesmere/utils/journey.cfg", line 48: Unresolved reference -> NEW_JOURNEY
"/home/trewe/src/wesnoth/data/campaigns/Legend_of_Wesmere/utils/journey.cfg", line 49: Unresolved reference -> NEW_JOURNEY
"/home/trewe/src/wesnoth/data/campaigns/Legend_of_Wesmere/utils/journey.cfg", line 50: Unresolved reference -> NEW_JOURNEY
"/home/trewe/src/wesnoth/data/campaigns/Legend_of_Wesmere/utils/journey.cfg", line 51: Unresolved reference -> NEW_JOURNEY
"/home/trewe/src/wesnoth/data/campaigns/Legend_of_Wesmere/utils/journey.cfg", line 52: Unresolved reference -> NEW_JOURNEY
"/home/trewe/src/wesnoth/data/campaigns/Legend_of_Wesmere/utils/journey.cfg", line 53: Unresolved reference -> NEW_JOURNEY
"/home/trewe/src/wesnoth/data/campaigns/Legend_of_Wesmere/utils/journey.cfg", line 96: Unresolved reference -> NEW_JOURNEY
"/home/trewe/src/wesnoth/data/campaigns/Legend_of_Wesmere/utils/journey.cfg", line 108: Unresolved reference -> NEW_JOURNEY
"/home/trewe/src/wesnoth/data/campaigns/Legend_of_Wesmere/utils/journey.cfg", line 109: Unresolved reference -> NEW_JOURNEY
"/home/trewe/src/wesnoth/data/campaigns/Legend_of_Wesmere/utils/journey.cfg", line 110: Unresolved reference -> NEW_JOURNEY
"/home/trewe/src/wesnoth/data/campaigns/Legend_of_Wesmere/utils/journey.cfg", line 111: Unresolved reference -> NEW_JOURNEY
"/home/trewe/src/wesnoth/data/campaigns/Legend_of_Wesmere/utils/journey.cfg", line 133: Unresolved reference -> NEW_JOURNEY
"/home/trewe/src/wesnoth/data/campaigns/Legend_of_Wesmere/utils/journey.cfg", line 159: Unresolved reference -> NEW_JOURNEY
"/home/trewe/src/wesnoth/data/campaigns/Legend_of_Wesmere/utils/journey.cfg", line 160: Unresolved reference -> NEW_JOURNEY
"/home/trewe/src/wesnoth/data/campaigns/Legend_of_Wesmere/utils/journey.cfg", line 161: Unresolved reference -> NEW_JOURNEY
"/home/trewe/src/wesnoth/data/campaigns/Legend_of_Wesmere/utils/journey.cfg", line 162: Unresolved reference -> NEW_JOURNEY
"/home/trewe/src/wesnoth/data/campaigns/Legend_of_Wesmere/utils/journey.cfg", line 163: Unresolved reference -> NEW_JOURNEY
"/home/trewe/src/wesnoth/data/campaigns/Legend_of_Wesmere/utils/journey.cfg", line 164: Unresolved reference -> NEW_JOURNEY
"/home/trewe/src/wesnoth/data/campaigns/Legend_of_Wesmere/utils/journey.cfg", line 165: Unresolved reference -> NEW_JOURNEY
"/home/trewe/src/wesnoth/data/campaigns/Legend_of_Wesmere/utils/journey.cfg", line 166: Unresolved reference -> NEW_JOURNEY
"/home/trewe/src/wesnoth/data/campaigns/Legend_of_Wesmere/utils/journey.cfg", line 167: Unresolved reference -> NEW_JOURNEY
"/home/trewe/src/wesnoth/data/campaigns/Legend_of_Wesmere/utils/journey.cfg", line 168: Unresolved reference -> NEW_JOURNEY
"/home/trewe/src/wesnoth/data/campaigns/Legend_of_Wesmere/utils/journey.cfg", line 169: Unresolved reference -> NEW_JOURNEY
"/home/trewe/src/wesnoth/data/campaigns/Legend_of_Wesmere/utils/journey.cfg", line 170: Unresolved reference -> NEW_JOURNEY
"/home/trewe/src/wesnoth/data/campaigns/Legend_of_Wesmere/utils/journey.cfg", line 225: Unresolved reference -> NEW_JOURNEY
"/home/trewe/src/wesnoth/data/campaigns/Legend_of_Wesmere/utils/journey.cfg", line 226: Unresolved reference -> NEW_JOURNEY
"/home/trewe/src/wesnoth/data/campaigns/Legend_of_Wesmere/utils/journey.cfg", line 227: Unresolved reference -> NEW_JOURNEY
"/home/trewe/src/wesnoth/data/campaigns/Legend_of_Wesmere/utils/journey.cfg", line 228: Unresolved reference -> NEW_JOURNEY
"/home/trewe/src/wesnoth/data/campaigns/Legend_of_Wesmere/utils/journey.cfg", line 229: Unresolved reference -> NEW_JOURNEY
"/home/trewe/src/wesnoth/data/campaigns/Legend_of_Wesmere/utils/journey.cfg", line 230: Unresolved reference -> NEW_JOURNEY
"/home/trewe/src/wesnoth/data/campaigns/Legend_of_Wesmere/utils/journey.cfg", line 231: Unresolved reference -> NEW_JOURNEY
"/home/trewe/src/wesnoth/data/campaigns/Legend_of_Wesmere/utils/journey.cfg", line 232: Unresolved reference -> NEW_JOURNEY
"/home/trewe/src/wesnoth/data/campaigns/Legend_of_Wesmere/utils/journey.cfg", line 258: Unresolved reference -> NEW_JOURNEY
"/home/trewe/src/wesnoth/data/campaigns/Legend_of_Wesmere/utils/journey.cfg", line 288: Unresolved reference -> NEW_JOURNEY
"/home/trewe/src/wesnoth/data/campaigns/Legend_of_Wesmere/utils/journey.cfg", line 325: Unresolved reference -> NEW_JOURNEY
"/home/trewe/src/wesnoth/data/campaigns/Legend_of_Wesmere/utils/journey.cfg", line 326: Unresolved reference -> NEW_JOURNEY
"/home/trewe/src/wesnoth/data/campaigns/Legend_of_Wesmere/utils/journey.cfg", line 327: Unresolved reference -> NEW_JOURNEY
"/home/trewe/src/wesnoth/data/campaigns/Legend_of_Wesmere/utils/journey.cfg", line 328: Unresolved reference -> NEW_JOURNEY
"/home/trewe/src/wesnoth/data/campaigns/Legend_of_Wesmere/utils/journey.cfg", line 329: Unresolved reference -> NEW_JOURNEY
"/home/trewe/src/wesnoth/data/campaigns/Legend_of_Wesmere/utils/journey.cfg", line 330: Unresolved reference -> NEW_JOURNEY
"/home/trewe/src/wesnoth/data/campaigns/Legend_of_Wesmere/utils/journey.cfg", line 331: Unresolved reference -> NEW_JOURNEY
"/home/trewe/src/wesnoth/data/campaigns/Legend_of_Wesmere/utils/journey.cfg", line 332: Unresolved reference -> NEW_JOURNEY
"/home/trewe/src/wesnoth/data/campaigns/Legend_of_Wesmere/utils/journey.cfg", line 333: Unresolved reference -> NEW_JOURNEY
"/home/trewe/src/wesnoth/data/campaigns/Legend_of_Wesmere/utils/journey.cfg", line 334: Unresolved reference -> NEW_JOURNEY
"/home/trewe/src/wesnoth/data/campaigns/Legend_of_Wesmere/utils/journey.cfg", line 335: Unresolved reference -> NEW_JOURNEY
"/home/trewe/src/wesnoth/data/campaigns/Legend_of_Wesmere/utils/journey.cfg", line 336: Unresolved reference -> NEW_JOURNEY
"/home/trewe/src/wesnoth/data/campaigns/Legend_of_Wesmere/utils/journey.cfg", line 370: Unresolved reference -> NEW_JOURNEY
"/home/trewe/src/wesnoth/data/campaigns/Legend_of_Wesmere/utils/journey.cfg", line 371: Unresolved reference -> NEW_JOURNEY
"/home/trewe/src/wesnoth/data/campaigns/Legend_of_Wesmere/utils/journey.cfg", line 372: Unresolved reference -> NEW_JOURNEY
"/home/trewe/src/wesnoth/data/campaigns/Legend_of_Wesmere/utils/journey.cfg", line 373: Unresolved reference -> NEW_JOURNEY
"/home/trewe/src/wesnoth/data/campaigns/Legend_of_Wesmere/utils/journey.cfg", line 374: Unresolved reference -> NEW_JOURNEY
"/home/trewe/src/wesnoth/data/campaigns/Legend_of_Wesmere/utils/journey.cfg", line 375: Unresolved reference -> NEW_JOURNEY
"/home/trewe/src/wesnoth/data/campaigns/Legend_of_Wesmere/utils/journey.cfg", line 376: Unresolved reference -> NEW_JOURNEY
"/home/trewe/src/wesnoth/data/campaigns/Legend_of_Wesmere/utils/journey.cfg", line 377: Unresolved reference -> NEW_JOURNEY
"/home/trewe/src/wesnoth/data/campaigns/Legend_of_Wesmere/utils/journey.cfg", line 378: Unresolved reference -> NEW_JOURNEY
"/home/trewe/src/wesnoth/data/campaigns/Legend_of_Wesmere/utils/journey.cfg", line 379: Unresolved reference -> NEW_JOURNEY
"/home/trewe/src/wesnoth/data/campaigns/Legend_of_Wesmere/utils/journey.cfg", line 380: Unresolved reference -> NEW_JOURNEY
"/home/trewe/src/wesnoth/data/campaigns/Legend_of_Wesmere/utils/journey.cfg", line 381: Unresolved reference -> NEW_JOURNEY
"/home/trewe/src/wesnoth/data/campaigns/Legend_of_Wesmere/utils/journey.cfg", line 382: Unresolved reference -> NEW_JOURNEY
"/home/trewe/src/wesnoth/data/campaigns/Legend_of_Wesmere/utils/journey.cfg", line 383: Unresolved reference -> NEW_JOURNEY
"/home/trewe/src/wesnoth/data/campaigns/Legend_of_Wesmere/utils/journey.cfg", line 384: Unresolved reference -> NEW_JOURNEY
"/home/trewe/src/wesnoth/data/campaigns/Legend_of_Wesmere/utils/journey.cfg", line 385: Unresolved reference -> NEW_JOURNEY
"/home/trewe/src/wesnoth/data/campaigns/Legend_of_Wesmere/utils/journey.cfg", line 386: Unresolved reference -> NEW_JOURNEY
"/home/trewe/src/wesnoth/data/campaigns/Legend_of_Wesmere/utils/journey.cfg", line 387: Unresolved reference -> NEW_JOURNEY
"/home/trewe/src/wesnoth/data/campaigns/Legend_of_Wesmere/utils/journey.cfg", line 388: Unresolved reference -> NEW_JOURNEY
"/home/trewe/src/wesnoth/data/campaigns/Legend_of_Wesmere/utils/journey.cfg", line 389: Unresolved reference -> NEW_JOURNEY
"/home/trewe/src/wesnoth/data/campaigns/Legend_of_Wesmere/utils/journey.cfg", line 390: Unresolved reference -> NEW_JOURNEY
"/home/trewe/src/wesnoth/data/campaigns/Legend_of_Wesmere/utils/journey.cfg", line 391: Unresolved reference -> NEW_JOURNEY
"/home/trewe/src/wesnoth/data/campaigns/Legend_of_Wesmere/utils/journey.cfg", line 471: Unresolved reference -> NEW_JOURNEY
"/home/trewe/src/wesnoth/data/campaigns/Legend_of_Wesmere/utils/journey.cfg", line 472: Unresolved reference -> NEW_JOURNEY
"/home/trewe/src/wesnoth/data/campaigns/Legend_of_Wesmere/utils/journey.cfg", line 473: Unresolved reference -> NEW_JOURNEY
"/home/trewe/src/wesnoth/data/campaigns/Legend_of_Wesmere/utils/journey.cfg", line 474: Unresolved reference -> NEW_JOURNEY
"/home/trewe/src/wesnoth/data/campaigns/Legend_of_Wesmere/utils/journey.cfg", line 475: Unresolved reference -> NEW_JOURNEY
"/home/trewe/src/wesnoth/data/campaigns/Legend_of_Wesmere/utils/journey.cfg", line 476: Unresolved reference -> NEW_JOURNEY
"/home/trewe/src/wesnoth/data/campaigns/Legend_of_Wesmere/utils/journey.cfg", line 570: Unresolved reference -> NEW_JOURNEY
"/home/trewe/src/wesnoth/data/campaigns/Legend_of_Wesmere/utils/journey.cfg", line 571: Unresolved reference -> NEW_JOURNEY
"/home/trewe/src/wesnoth/data/campaigns/Legend_of_Wesmere/utils/journey.cfg", line 572: Unresolved reference -> NEW_JOURNEY
"/home/trewe/src/wesnoth/data/campaigns/Legend_of_Wesmere/utils/journey.cfg", line 573: Unresolved reference -> NEW_JOURNEY
"/home/trewe/src/wesnoth/data/campaigns/Legend_of_Wesmere/utils/journey.cfg", line 574: Unresolved reference -> NEW_JOURNEY
"/home/trewe/src/wesnoth/data/campaigns/Legend_of_Wesmere/utils/journey.cfg", line 625: Unresolved reference -> NEW_JOURNEY
"/home/trewe/src/wesnoth/data/campaigns/Legend_of_Wesmere/utils/journey.cfg", line 680: Unresolved reference -> NEW_JOURNEY
"/home/trewe/src/wesnoth/data/campaigns/Legend_of_Wesmere/utils/journey.cfg", line 681: Unresolved reference -> NEW_JOURNEY
"/home/trewe/src/wesnoth/data/campaigns/Legend_of_Wesmere/utils/journey.cfg", line 682: Unresolved reference -> NEW_JOURNEY
"/home/trewe/src/wesnoth/data/campaigns/Legend_of_Wesmere/utils/journey.cfg", line 683: Unresolved reference -> NEW_JOURNEY
"/home/trewe/src/wesnoth/data/campaigns/Legend_of_Wesmere/utils/journey.cfg", line 684: Unresolved reference -> NEW_JOURNEY
"/home/trewe/src/wesnoth/data/campaigns/Legend_of_Wesmere/utils/journey.cfg", line 685: Unresolved reference -> NEW_JOURNEY
"/home/trewe/src/wesnoth/data/campaigns/Legend_of_Wesmere/utils/journey.cfg", line 686: Unresolved reference -> NEW_JOURNEY
"/home/trewe/src/wesnoth/data/campaigns/Legend_of_Wesmere/utils/journey.cfg", line 710: Unresolved reference -> NEW_JOURNEY
"/home/trewe/src/wesnoth/data/campaigns/Legend_of_Wesmere/utils/journey.cfg", line 711: Unresolved reference -> NEW_JOURNEY
"/home/trewe/src/wesnoth/data/campaigns/Legend_of_Wesmere/utils/journey.cfg", line 712: Unresolved reference -> NEW_JOURNEY
"/home/trewe/src/wesnoth/data/campaigns/Legend_of_Wesmere/utils/journey.cfg", line 713: Unresolved reference -> NEW_JOURNEY
"/home/trewe/src/wesnoth/data/campaigns/Legend_of_Wesmere/utils/journey.cfg", line 714: Unresolved reference -> NEW_JOURNEY
"/home/trewe/src/wesnoth/data/campaigns/Legend_of_Wesmere/utils/journey.cfg", line 715: Unresolved reference -> NEW_JOURNEY
"/home/trewe/src/wesnoth/data/campaigns/Legend_of_Wesmere/utils/journey.cfg", line 716: Unresolved reference -> NEW_JOURNEY
"/home/trewe/src/wesnoth/data/campaigns/Legend_of_Wesmere/utils/journey.cfg", line 717: Unresolved reference -> NEW_JOURNEY
"/home/trewe/src/wesnoth/data/campaigns/Legend_of_Wesmere/utils/journey.cfg", line 718: Unresolved reference -> NEW_JOURNEY
"/home/trewe/src/wesnoth/data/campaigns/Legend_of_Wesmere/utils/journey.cfg", line 719: Unresolved reference -> NEW_JOURNEY
"/home/trewe/src/wesnoth/data/campaigns/Legend_of_Wesmere/utils/journey.cfg", line 720: Unresolved reference -> NEW_JOURNEY
"/home/trewe/src/wesnoth/data/campaigns/Legend_of_Wesmere/utils/journey.cfg", line 721: Unresolved reference -> NEW_JOURNEY
"/home/trewe/src/wesnoth/data/campaigns/Legend_of_Wesmere/utils/journey.cfg", line 771: Unresolved reference -> NEW_JOURNEY
"/home/trewe/src/wesnoth/data/campaigns/Legend_of_Wesmere/utils/journey.cfg", line 772: Unresolved reference -> NEW_JOURNEY
"/home/trewe/src/wesnoth/data/campaigns/Legend_of_Wesmere/utils/journey.cfg", line 773: Unresolved reference -> NEW_JOURNEY
"/home/trewe/src/wesnoth/data/campaigns/Legend_of_Wesmere/utils/journey.cfg", line 774: Unresolved reference -> NEW_JOURNEY
"/home/trewe/src/wesnoth/data/campaigns/Liberty/utils/journey.cfg", line 18: Unresolved reference -> NEW_JOURNEY
"/home/trewe/src/wesnoth/data/campaigns/Liberty/utils/journey.cfg", line 32: Unresolved reference -> NEW_JOURNEY
"/home/trewe/src/wesnoth/data/campaigns/Liberty/utils/journey.cfg", line 50: Unresolved reference -> NEW_JOURNEY
"/home/trewe/src/wesnoth/data/campaigns/Liberty/utils/journey.cfg", line 51: Unresolved reference -> NEW_JOURNEY
"/home/trewe/src/wesnoth/data/campaigns/Liberty/utils/journey.cfg", line 52: Unresolved reference -> NEW_JOURNEY
"/home/trewe/src/wesnoth/data/campaigns/Liberty/utils/journey.cfg", line 78: Unresolved reference -> NEW_JOURNEY
"/home/trewe/src/wesnoth/data/campaigns/Liberty/utils/journey.cfg", line 79: Unresolved reference -> NEW_JOURNEY
"/home/trewe/src/wesnoth/data/campaigns/Liberty/utils/journey.cfg", line 80: Unresolved reference -> NEW_JOURNEY
"/home/trewe/src/wesnoth/data/campaigns/Liberty/utils/journey.cfg", line 81: Unresolved reference -> NEW_JOURNEY
"/home/trewe/src/wesnoth/data/campaigns/Liberty/utils/journey.cfg", line 117: Unresolved reference -> NEW_JOURNEY
"/home/trewe/src/wesnoth/data/campaigns/Liberty/utils/journey.cfg", line 118: Unresolved reference -> NEW_JOURNEY
"/home/trewe/src/wesnoth/data/campaigns/Liberty/utils/journey.cfg", line 160: Unresolved reference -> NEW_JOURNEY
"/home/trewe/src/wesnoth/data/campaigns/Liberty/utils/journey.cfg", line 161: Unresolved reference -> NEW_JOURNEY
"/home/trewe/src/wesnoth/data/campaigns/Liberty/utils/journey.cfg", line 162: Unresolved reference -> NEW_JOURNEY
"/home/trewe/src/wesnoth/data/campaigns/Liberty/utils/journey.cfg", line 212: Unresolved reference -> NEW_JOURNEY
"/home/trewe/src/wesnoth/data/campaigns/Northern_Rebirth/utils/journey.cfg", line 29: Unresolved reference -> NEW_JOURNEY
"/home/trewe/src/wesnoth/data/campaigns/Northern_Rebirth/utils/journey.cfg", line 30: Unresolved reference -> NEW_JOURNEY
"/home/trewe/src/wesnoth/data/campaigns/Northern_Rebirth/utils/journey.cfg", line 31: Unresolved reference -> NEW_JOURNEY
"/home/trewe/src/wesnoth/data/campaigns/Northern_Rebirth/utils/journey.cfg", line 32: Unresolved reference -> NEW_JOURNEY
"/home/trewe/src/wesnoth/data/campaigns/Northern_Rebirth/utils/journey.cfg", line 57: Unresolved reference -> NEW_JOURNEY
"/home/trewe/src/wesnoth/data/campaigns/Northern_Rebirth/utils/journey.cfg", line 72: Unresolved reference -> NEW_JOURNEY
"/home/trewe/src/wesnoth/data/campaigns/Northern_Rebirth/utils/journey.cfg", line 73: Unresolved reference -> NEW_JOURNEY
"/home/trewe/src/wesnoth/data/campaigns/Northern_Rebirth/utils/journey.cfg", line 87: Unresolved reference -> NEW_JOURNEY
"/home/trewe/src/wesnoth/data/campaigns/Northern_Rebirth/utils/journey.cfg", line 105: Unresolved reference -> NEW_JOURNEY
"/home/trewe/src/wesnoth/data/campaigns/Northern_Rebirth/utils/journey.cfg", line 106: Unresolved reference -> NEW_JOURNEY
"/home/trewe/src/wesnoth/data/campaigns/Northern_Rebirth/utils/journey.cfg", line 107: Unresolved reference -> NEW_JOURNEY
"/home/trewe/src/wesnoth/data/campaigns/The_Hammer_of_Thursagan/utils/journey.cfg", line 18: Unresolved reference -> NEW_JOURNEY
"/home/trewe/src/wesnoth/data/campaigns/The_Hammer_of_Thursagan/utils/journey.cfg", line 19: Unresolved reference -> NEW_JOURNEY
"/home/trewe/src/wesnoth/data/campaigns/The_Hammer_of_Thursagan/utils/journey.cfg", line 35: Unresolved reference -> NEW_JOURNEY
"/home/trewe/src/wesnoth/data/campaigns/The_Hammer_of_Thursagan/utils/journey.cfg", line 55: Unresolved reference -> NEW_JOURNEY
"/home/trewe/src/wesnoth/data/campaigns/The_Hammer_of_Thursagan/utils/journey.cfg", line 56: Unresolved reference -> NEW_JOURNEY
"/home/trewe/src/wesnoth/data/campaigns/The_Hammer_of_Thursagan/utils/journey.cfg", line 82: Unresolved reference -> NEW_JOURNEY
"/home/trewe/src/wesnoth/data/campaigns/The_Hammer_of_Thursagan/utils/journey.cfg", line 112: Unresolved reference -> NEW_JOURNEY
"/home/trewe/src/wesnoth/data/campaigns/The_Hammer_of_Thursagan/utils/journey.cfg", line 181: Unresolved reference -> NEW_JOURNEY
"/home/trewe/src/wesnoth/data/campaigns/The_Hammer_of_Thursagan/utils/journey.cfg", line 221: Unresolved reference -> NEW_JOURNEY
"/home/trewe/src/wesnoth/data/campaigns/The_Hammer_of_Thursagan/utils/journey.cfg", line 222: Unresolved reference -> NEW_JOURNEY
"/home/trewe/src/wesnoth/data/campaigns/The_Hammer_of_Thursagan/utils/journey.cfg", line 223: Unresolved reference -> NEW_JOURNEY
"/home/trewe/src/wesnoth/data/campaigns/The_Rise_Of_Wesnoth/utils/trow-bigmap.cfg", line 12: Unresolved reference -> NEW_JOURNEY
"/home/trewe/src/wesnoth/data/campaigns/The_Rise_Of_Wesnoth/utils/trow-bigmap.cfg", line 13: Unresolved reference -> NEW_JOURNEY
"/home/trewe/src/wesnoth/data/campaigns/The_Rise_Of_Wesnoth/utils/trow-bigmap.cfg", line 14: Unresolved reference -> NEW_JOURNEY
"/home/trewe/src/wesnoth/data/campaigns/The_Rise_Of_Wesnoth/utils/trow-bigmap.cfg", line 15: Unresolved reference -> NEW_JOURNEY
"/home/trewe/src/wesnoth/data/campaigns/The_Rise_Of_Wesnoth/utils/trow-bigmap.cfg", line 16: Unresolved reference -> NEW_JOURNEY
"/home/trewe/src/wesnoth/data/campaigns/The_Rise_Of_Wesnoth/utils/trow-bigmap.cfg", line 17: Unresolved reference -> NEW_JOURNEY
"/home/trewe/src/wesnoth/data/campaigns/The_Rise_Of_Wesnoth/utils/trow-bigmap.cfg", line 18: Unresolved reference -> NEW_JOURNEY
"/home/trewe/src/wesnoth/data/campaigns/The_Rise_Of_Wesnoth/utils/trow-bigmap.cfg", line 19: Unresolved reference -> NEW_JOURNEY
"/home/trewe/src/wesnoth/data/campaigns/The_Rise_Of_Wesnoth/utils/trow-bigmap.cfg", line 48: Unresolved reference -> NEW_JOURNEY
"/home/trewe/src/wesnoth/data/campaigns/The_Rise_Of_Wesnoth/utils/trow-bigmap.cfg", line 49: Unresolved reference -> NEW_JOURNEY
"/home/trewe/src/wesnoth/data/campaigns/The_Rise_Of_Wesnoth/utils/trow-bigmap.cfg", line 50: Unresolved reference -> NEW_JOURNEY
"/home/trewe/src/wesnoth/data/campaigns/The_Rise_Of_Wesnoth/utils/trow-bigmap.cfg", line 51: Unresolved reference -> NEW_JOURNEY
"/home/trewe/src/wesnoth/data/campaigns/The_Rise_Of_Wesnoth/utils/trow-bigmap.cfg", line 52: Unresolved reference -> NEW_JOURNEY
"/home/trewe/src/wesnoth/data/campaigns/The_Rise_Of_Wesnoth/utils/trow-bigmap.cfg", line 53: Unresolved reference -> NEW_JOURNEY
"/home/trewe/src/wesnoth/data/campaigns/The_Rise_Of_Wesnoth/utils/trow-bigmap.cfg", line 101: Unresolved reference -> NEW_JOURNEY
"/home/trewe/src/wesnoth/data/campaigns/The_Rise_Of_Wesnoth/utils/trow-bigmap.cfg", line 102: Unresolved reference -> NEW_JOURNEY
"/home/trewe/src/wesnoth/data/campaigns/The_Rise_Of_Wesnoth/utils/trow-bigmap.cfg", line 103: Unresolved reference -> NEW_JOURNEY
"/home/trewe/src/wesnoth/data/campaigns/The_Rise_Of_Wesnoth/utils/trow-bigmap.cfg", line 104: Unresolved reference -> NEW_JOURNEY
"/home/trewe/src/wesnoth/data/campaigns/The_Rise_Of_Wesnoth/utils/trow-bigmap.cfg", line 105: Unresolved reference -> NEW_JOURNEY
"/home/trewe/src/wesnoth/data/campaigns/The_Rise_Of_Wesnoth/utils/trow-bigmap.cfg", line 106: Unresolved reference -> NEW_JOURNEY
"/home/trewe/src/wesnoth/data/campaigns/The_Rise_Of_Wesnoth/utils/trow-bigmap.cfg", line 131: Unresolved reference -> NEW_JOURNEY
"/home/trewe/src/wesnoth/data/campaigns/The_Rise_Of_Wesnoth/utils/trow-bigmap.cfg", line 132: Unresolved reference -> NEW_JOURNEY
"/home/trewe/src/wesnoth/data/campaigns/The_Rise_Of_Wesnoth/utils/trow-bigmap.cfg", line 133: Unresolved reference -> NEW_JOURNEY
"/home/trewe/src/wesnoth/data/campaigns/The_Rise_Of_Wesnoth/utils/trow-bigmap.cfg", line 134: Unresolved reference -> NEW_JOURNEY
"/home/trewe/src/wesnoth/data/campaigns/The_Rise_Of_Wesnoth/utils/trow-bigmap.cfg", line 135: Unresolved reference -> NEW_JOURNEY
"/home/trewe/src/wesnoth/data/campaigns/The_Rise_Of_Wesnoth/utils/trow-bigmap.cfg", line 136: Unresolved reference -> NEW_JOURNEY
"/home/trewe/src/wesnoth/data/campaigns/The_Rise_Of_Wesnoth/utils/trow-bigmap.cfg", line 137: Unresolved reference -> NEW_JOURNEY
"/home/trewe/src/wesnoth/data/campaigns/The_Rise_Of_Wesnoth/utils/trow-bigmap.cfg", line 138: Unresolved reference -> NEW_JOURNEY
"/home/trewe/src/wesnoth/data/campaigns/The_Rise_Of_Wesnoth/utils/trow-bigmap.cfg", line 139: Unresolved reference -> NEW_JOURNEY
"/home/trewe/src/wesnoth/data/campaigns/The_Rise_Of_Wesnoth/utils/trow-bigmap.cfg", line 140: Unresolved reference -> NEW_JOURNEY
"/home/trewe/src/wesnoth/data/campaigns/The_Rise_Of_Wesnoth/utils/trow-bigmap.cfg", line 141: Unresolved reference -> NEW_JOURNEY
"/home/trewe/src/wesnoth/data/campaigns/The_Rise_Of_Wesnoth/utils/trow-bigmap.cfg", line 142: Unresolved reference -> NEW_JOURNEY
"/home/trewe/src/wesnoth/data/campaigns/The_Rise_Of_Wesnoth/utils/trow-bigmap.cfg", line 143: Unresolved reference -> NEW_JOURNEY
"/home/trewe/src/wesnoth/data/campaigns/The_Rise_Of_Wesnoth/utils/trow-bigmap.cfg", line 144: Unresolved reference -> NEW_JOURNEY
"/home/trewe/src/wesnoth/data/campaigns/The_Rise_Of_Wesnoth/utils/trow-bigmap.cfg", line 145: Unresolved reference -> NEW_JOURNEY
"/home/trewe/src/wesnoth/data/campaigns/The_Rise_Of_Wesnoth/utils/trow-bigmap.cfg", line 188: Unresolved reference -> NEW_JOURNEY
"/home/trewe/src/wesnoth/data/campaigns/The_Rise_Of_Wesnoth/utils/trow-bigmap.cfg", line 189: Unresolved reference -> NEW_JOURNEY
"/home/trewe/src/wesnoth/data/campaigns/The_Rise_Of_Wesnoth/utils/trow-bigmap.cfg", line 190: Unresolved reference -> NEW_JOURNEY
"/home/trewe/src/wesnoth/data/campaigns/The_Rise_Of_Wesnoth/utils/trow-bigmap.cfg", line 191: Unresolved reference -> NEW_JOURNEY
"/home/trewe/src/wesnoth/data/campaigns/The_Rise_Of_Wesnoth/utils/trow-bigmap.cfg", line 192: Unresolved reference -> NEW_JOURNEY
"/home/trewe/src/wesnoth/data/campaigns/The_Rise_Of_Wesnoth/utils/trow-bigmap.cfg", line 193: Unresolved reference -> NEW_JOURNEY
"/home/trewe/src/wesnoth/data/campaigns/The_Rise_Of_Wesnoth/utils/trow-bigmap.cfg", line 194: Unresolved reference -> NEW_JOURNEY
"/home/trewe/src/wesnoth/data/campaigns/The_Rise_Of_Wesnoth/utils/trow-bigmap.cfg", line 195: Unresolved reference -> NEW_JOURNEY
"/home/trewe/src/wesnoth/data/campaigns/The_Rise_Of_Wesnoth/utils/trow-bigmap.cfg", line 196: Unresolved reference -> NEW_JOURNEY
"/home/trewe/src/wesnoth/data/campaigns/The_Rise_Of_Wesnoth/utils/trow-bigmap.cfg", line 197: Unresolved reference -> NEW_JOURNEY
"/home/trewe/src/wesnoth/data/campaigns/The_Rise_Of_Wesnoth/utils/trow-bigmap.cfg", line 198: Unresolved reference -> NEW_JOURNEY
"/home/trewe/src/wesnoth/data/campaigns/The_Rise_Of_Wesnoth/utils/trow-bigmap.cfg", line 199: Unresolved reference -> NEW_JOURNEY
"/home/trewe/src/wesnoth/data/campaigns/The_Rise_Of_Wesnoth/utils/trow-bigmap.cfg", line 200: Unresolved reference -> NEW_JOURNEY
"/home/trewe/src/wesnoth/data/campaigns/The_Rise_Of_Wesnoth/utils/trow-bigmap.cfg", line 201: Unresolved reference -> NEW_JOURNEY
"/home/trewe/src/wesnoth/data/campaigns/The_Rise_Of_Wesnoth/utils/trow-bigmap.cfg", line 242: Unresolved reference -> NEW_JOURNEY
"/home/trewe/src/wesnoth/data/campaigns/The_Rise_Of_Wesnoth/utils/trow-bigmap.cfg", line 243: Unresolved reference -> NEW_JOURNEY
"/home/trewe/src/wesnoth/data/campaigns/The_Rise_Of_Wesnoth/utils/trow-bigmap.cfg", line 244: Unresolved reference -> NEW_JOURNEY
"/home/trewe/src/wesnoth/data/campaigns/The_Rise_Of_Wesnoth/utils/trow-bigmap.cfg", line 245: Unresolved reference -> NEW_JOURNEY
"/home/trewe/src/wesnoth/data/campaigns/The_Rise_Of_Wesnoth/utils/trow-bigmap.cfg", line 246: Unresolved reference -> NEW_JOURNEY
"/home/trewe/src/wesnoth/data/campaigns/The_Rise_Of_Wesnoth/utils/trow-bigmap.cfg", line 247: Unresolved reference -> NEW_JOURNEY
"/home/trewe/src/wesnoth/data/campaigns/The_Rise_Of_Wesnoth/utils/trow-bigmap.cfg", line 248: Unresolved reference -> NEW_JOURNEY
"/home/trewe/src/wesnoth/data/campaigns/The_Rise_Of_Wesnoth/utils/trow-bigmap.cfg", line 249: Unresolved reference -> NEW_JOURNEY
"/home/trewe/src/wesnoth/data/campaigns/The_Rise_Of_Wesnoth/utils/trow-bigmap.cfg", line 250: Unresolved reference -> NEW_JOURNEY
"/home/trewe/src/wesnoth/data/campaigns/The_Rise_Of_Wesnoth/utils/trow-bigmap.cfg", line 251: Unresolved reference -> NEW_JOURNEY
"/home/trewe/src/wesnoth/data/campaigns/The_Rise_Of_Wesnoth/utils/trow-bigmap.cfg", line 252: Unresolved reference -> NEW_JOURNEY
"/home/trewe/src/wesnoth/data/campaigns/The_Rise_Of_Wesnoth/utils/trow-bigmap.cfg", line 253: Unresolved reference -> NEW_JOURNEY
"/home/trewe/src/wesnoth/data/campaigns/The_Rise_Of_Wesnoth/utils/trow-bigmap.cfg", line 254: Unresolved reference -> NEW_JOURNEY
"/home/trewe/src/wesnoth/data/campaigns/The_Rise_Of_Wesnoth/utils/trow-bigmap.cfg", line 293: Unresolved reference -> NEW_JOURNEY
"/home/trewe/src/wesnoth/data/campaigns/The_Rise_Of_Wesnoth/utils/trow-bigmap.cfg", line 294: Unresolved reference -> NEW_JOURNEY
"/home/trewe/src/wesnoth/data/campaigns/The_Rise_Of_Wesnoth/utils/trow-bigmap.cfg", line 295: Unresolved reference -> NEW_JOURNEY
"/home/trewe/src/wesnoth/data/campaigns/The_Rise_Of_Wesnoth/utils/trow-bigmap.cfg", line 311: Unresolved reference -> NEW_JOURNEY
"/home/trewe/src/wesnoth/data/campaigns/The_Rise_Of_Wesnoth/utils/trow-bigmap.cfg", line 312: Unresolved reference -> NEW_JOURNEY
"/home/trewe/src/wesnoth/data/campaigns/The_Rise_Of_Wesnoth/utils/trow-bigmap.cfg", line 357: Unresolved reference -> NEW_JOURNEY
"/home/trewe/src/wesnoth/data/campaigns/The_Rise_Of_Wesnoth/utils/trow-bigmap.cfg", line 358: Unresolved reference -> NEW_JOURNEY
"/home/trewe/src/wesnoth/data/campaigns/The_Rise_Of_Wesnoth/utils/trow-bigmap.cfg", line 359: Unresolved reference -> NEW_JOURNEY
"/home/trewe/src/wesnoth/data/campaigns/The_Rise_Of_Wesnoth/utils/trow-bigmap.cfg", line 360: Unresolved reference -> NEW_JOURNEY
"/home/trewe/src/wesnoth/data/campaigns/The_Rise_Of_Wesnoth/utils/trow-bigmap.cfg", line 361: Unresolved reference -> NEW_JOURNEY
"/home/trewe/src/wesnoth/data/campaigns/The_Rise_Of_Wesnoth/utils/trow-bigmap.cfg", line 362: Unresolved reference -> NEW_JOURNEY
"/home/trewe/src/wesnoth/data/campaigns/The_Rise_Of_Wesnoth/utils/trow-bigmap.cfg", line 400: Unresolved reference -> NEW_JOURNEY
"/home/trewe/src/wesnoth/data/campaigns/The_Rise_Of_Wesnoth/utils/trow-bigmap.cfg", line 401: Unresolved reference -> NEW_JOURNEY
"/home/trewe/src/wesnoth/data/campaigns/The_Rise_Of_Wesnoth/utils/trow-bigmap.cfg", line 402: Unresolved reference -> NEW_JOURNEY
"/home/trewe/src/wesnoth/data/campaigns/The_Rise_Of_Wesnoth/utils/trow-bigmap.cfg", line 403: Unresolved reference -> NEW_JOURNEY
"/home/trewe/src/wesnoth/data/campaigns/The_Rise_Of_Wesnoth/utils/trow-bigmap.cfg", line 404: Unresolved reference -> NEW_JOURNEY
"/home/trewe/src/wesnoth/data/campaigns/The_Rise_Of_Wesnoth/utils/trow-green-isle-journey.cfg", line 32: Unresolved reference -> NEW_JOURNEY
"/home/trewe/src/wesnoth/data/campaigns/The_Rise_Of_Wesnoth/utils/trow-green-isle-journey.cfg", line 33: Unresolved reference -> NEW_JOURNEY
"/home/trewe/src/wesnoth/data/campaigns/The_Rise_Of_Wesnoth/utils/trow-green-isle-journey.cfg", line 34: Unresolved reference -> NEW_JOURNEY
"/home/trewe/src/wesnoth/data/campaigns/The_Rise_Of_Wesnoth/utils/trow-green-isle-journey.cfg", line 57: Unresolved reference -> NEW_JOURNEY
"/home/trewe/src/wesnoth/data/campaigns/The_Rise_Of_Wesnoth/utils/trow-green-isle-journey.cfg", line 58: Unresolved reference -> NEW_JOURNEY
"/home/trewe/src/wesnoth/data/campaigns/The_Rise_Of_Wesnoth/utils/trow-green-isle-journey.cfg", line 59: Unresolved reference -> NEW_JOURNEY
"/home/trewe/src/wesnoth/data/campaigns/The_Rise_Of_Wesnoth/utils/trow-green-isle-journey.cfg", line 60: Unresolved reference -> NEW_JOURNEY
"/home/trewe/src/wesnoth/data/campaigns/The_Rise_Of_Wesnoth/utils/trow-green-isle-journey.cfg", line 78: Unresolved reference -> NEW_JOURNEY
"/home/trewe/src/wesnoth/data/campaigns/The_Rise_Of_Wesnoth/utils/trow-green-isle-journey.cfg", line 79: Unresolved reference -> NEW_JOURNEY
"/home/trewe/src/wesnoth/data/campaigns/The_Rise_Of_Wesnoth/utils/trow-green-isle-journey.cfg", line 80: Unresolved reference -> NEW_JOURNEY
"/home/trewe/src/wesnoth/data/campaigns/The_Rise_Of_Wesnoth/utils/trow-green-isle-journey.cfg", line 109: Unresolved reference -> NEW_JOURNEY
"/home/trewe/src/wesnoth/data/campaigns/The_Rise_Of_Wesnoth/utils/trow-green-isle-journey.cfg", line 110: Unresolved reference -> NEW_JOURNEY
"/home/trewe/src/wesnoth/data/campaigns/The_Rise_Of_Wesnoth/utils/trow-green-isle-journey.cfg", line 111: Unresolved reference -> NEW_JOURNEY
"/home/trewe/src/wesnoth/data/campaigns/The_Rise_Of_Wesnoth/utils/trow-green-isle-journey.cfg", line 112: Unresolved reference -> NEW_JOURNEY
"/home/trewe/src/wesnoth/data/campaigns/The_Rise_Of_Wesnoth/utils/trow-green-isle-journey.cfg", line 113: Unresolved reference -> NEW_JOURNEY
"/home/trewe/src/wesnoth/data/campaigns/The_Rise_Of_Wesnoth/utils/trow-green-isle-journey.cfg", line 114: Unresolved reference -> NEW_JOURNEY
"/home/trewe/src/wesnoth/data/campaigns/The_Rise_Of_Wesnoth/utils/trow-green-isle-journey.cfg", line 136: Unresolved reference -> NEW_JOURNEY
"/home/trewe/src/wesnoth/data/campaigns/The_Rise_Of_Wesnoth/utils/trow-green-isle-journey.cfg", line 137: Unresolved reference -> NEW_JOURNEY
"/home/trewe/src/wesnoth/data/campaigns/The_Rise_Of_Wesnoth/utils/trow-green-isle-journey.cfg", line 138: Unresolved reference -> NEW_JOURNEY
"/home/trewe/src/wesnoth/data/campaigns/The_Rise_Of_Wesnoth/utils/trow-green-isle-journey.cfg", line 191: Unresolved reference -> NEW_JOURNEY
"/home/trewe/src/wesnoth/data/campaigns/The_Rise_Of_Wesnoth/utils/trow-green-isle-journey.cfg", line 192: Unresolved reference -> NEW_JOURNEY
"/home/trewe/src/wesnoth/data/campaigns/The_Rise_Of_Wesnoth/utils/trow-green-isle-journey.cfg", line 193: Unresolved reference -> NEW_JOURNEY
"/home/trewe/src/wesnoth/data/campaigns/The_Rise_Of_Wesnoth/utils/trow-green-isle-journey.cfg", line 194: Unresolved reference -> NEW_JOURNEY
"/home/trewe/src/wesnoth/data/campaigns/The_Rise_Of_Wesnoth/utils/trow-green-isle-journey.cfg", line 195: Unresolved reference -> NEW_JOURNEY
"/home/trewe/src/wesnoth/data/campaigns/The_Rise_Of_Wesnoth/utils/trow-green-isle-journey.cfg", line 219: Unresolved reference -> NEW_JOURNEY
"/home/trewe/src/wesnoth/data/campaigns/The_Rise_Of_Wesnoth/utils/trow-green-isle-journey.cfg", line 220: Unresolved reference -> NEW_JOURNEY
"/home/trewe/src/wesnoth/data/campaigns/The_Rise_Of_Wesnoth/utils/trow-green-isle-journey.cfg", line 221: Unresolved reference -> NEW_JOURNEY
"/home/trewe/src/wesnoth/data/campaigns/The_Rise_Of_Wesnoth/utils/trow-green-isle-journey.cfg", line 222: Unresolved reference -> NEW_JOURNEY
"/home/trewe/src/wesnoth/data/campaigns/The_Rise_Of_Wesnoth/utils/trow-green-isle-journey.cfg", line 223: Unresolved reference -> NEW_JOURNEY
"/home/trewe/src/wesnoth/data/campaigns/The_Rise_Of_Wesnoth/utils/trow-green-isle-journey.cfg", line 224: Unresolved reference -> NEW_JOURNEY
"/home/trewe/src/wesnoth/data/campaigns/The_Rise_Of_Wesnoth/utils/trow-green-isle-journey.cfg", line 225: Unresolved reference -> NEW_JOURNEY
"/home/trewe/src/wesnoth/data/campaigns/The_Rise_Of_Wesnoth/utils/trow-green-isle-journey.cfg", line 226: Unresolved reference -> NEW_JOURNEY
"/home/trewe/src/wesnoth/data/campaigns/The_Rise_Of_Wesnoth/utils/trow-green-isle-journey.cfg", line 227: Unresolved reference -> NEW_JOURNEY
"/home/trewe/src/wesnoth/data/campaigns/The_Rise_Of_Wesnoth/utils/trow-green-isle-journey.cfg", line 228: Unresolved reference -> NEW_JOURNEY
"/home/trewe/src/wesnoth/data/campaigns/The_Rise_Of_Wesnoth/utils/trow-green-isle-journey.cfg", line 229: Unresolved reference -> NEW_JOURNEY
"/home/trewe/src/wesnoth/data/campaigns/The_Rise_Of_Wesnoth/utils/trow-green-isle-journey.cfg", line 230: Unresolved reference -> NEW_JOURNEY
"/home/trewe/src/wesnoth/data/campaigns/The_Rise_Of_Wesnoth/utils/trow-green-isle-journey.cfg", line 231: Unresolved reference -> NEW_JOURNEY
"/home/trewe/src/wesnoth/data/campaigns/The_Rise_Of_Wesnoth/utils/trow-green-isle-journey.cfg", line 232: Unresolved reference -> NEW_JOURNEY
"/home/trewe/src/wesnoth/data/campaigns/The_Rise_Of_Wesnoth/utils/trow-green-isle-journey.cfg", line 233: Unresolved reference -> NEW_JOURNEY
"/home/trewe/src/wesnoth/data/campaigns/The_Rise_Of_Wesnoth/utils/trow-green-isle-journey.cfg", line 234: Unresolved reference -> NEW_JOURNEY
"/home/trewe/src/wesnoth/data/campaigns/The_Rise_Of_Wesnoth/utils/trow-green-isle-journey.cfg", line 235: Unresolved reference -> NEW_JOURNEY
"/home/trewe/src/wesnoth/data/campaigns/The_Rise_Of_Wesnoth/utils/trow-green-isle-journey.cfg", line 236: Unresolved reference -> NEW_JOURNEY
"/home/trewe/src/wesnoth/data/campaigns/The_Rise_Of_Wesnoth/utils/trow-green-isle-journey.cfg", line 237: Unresolved reference -> NEW_JOURNEY
"/home/trewe/src/wesnoth/data/campaigns/The_Rise_Of_Wesnoth/utils/trow-green-isle-journey.cfg", line 238: Unresolved reference -> NEW_JOURNEY
"/home/trewe/src/wesnoth/data/campaigns/The_Rise_Of_Wesnoth/utils/trow-green-isle-journey.cfg", line 239: Unresolved reference -> NEW_JOURNEY
"/home/trewe/src/wesnoth/data/campaigns/The_Rise_Of_Wesnoth/utils/trow-green-isle-journey.cfg", line 307: Unresolved reference -> NEW_JOURNEY
"/home/trewe/src/wesnoth/data/campaigns/The_Rise_Of_Wesnoth/utils/trow-green-isle-journey.cfg", line 379: Unresolved reference -> NEW_JOURNEY
"/home/trewe/src/wesnoth/data/campaigns/The_Rise_Of_Wesnoth/utils/trow-green-isle-journey.cfg", line 532: Unresolved reference -> NEW_JOURNEY
"/home/trewe/src/wesnoth/data/campaigns/The_Rise_Of_Wesnoth/utils/trow-green-isle-journey.cfg", line 533: Unresolved reference -> NEW_JOURNEY
"/home/trewe/src/wesnoth/data/campaigns/The_Rise_Of_Wesnoth/utils/trow-green-isle-journey.cfg", line 534: Unresolved reference -> NEW_JOURNEY
"/home/trewe/src/wesnoth/data/campaigns/The_Rise_Of_Wesnoth/utils/trow-green-isle-journey.cfg", line 535: Unresolved reference -> NEW_JOURNEY
"/home/trewe/src/wesnoth/data/campaigns/The_Rise_Of_Wesnoth/utils/trow-green-isle-journey.cfg", line 536: Unresolved reference -> NEW_JOURNEY
"/home/trewe/src/wesnoth/data/campaigns/The_Rise_Of_Wesnoth/utils/trow-green-isle-journey.cfg", line 579: Unresolved reference -> NEW_JOURNEY
"/home/trewe/src/wesnoth/data/campaigns/Two_Brothers/utils/journey.cfg", line 18: Unresolved reference -> NEW_JOURNEY
"/home/trewe/src/wesnoth/data/campaigns/Two_Brothers/utils/journey.cfg", line 32: Unresolved reference -> NEW_JOURNEY
"/home/trewe/src/wesnoth/data/campaigns/Two_Brothers/utils/journey.cfg", line 33: Unresolved reference -> NEW_JOURNEY
"/home/trewe/src/wesnoth/data/campaigns/Two_Brothers/utils/journey.cfg", line 34: Unresolved reference -> NEW_JOURNEY
"/home/trewe/src/umc-campaigns/Return_from_Captivity/scenarios/01_The_Prison.cfg", line 7: Unresolved reference -> add-ons/Return_from_Captivity/maps/01_The_Prison.map
"/home/trewe/src/umc-campaigns/Return_from_Captivity/scenarios/01_The_Prison.cfg", line 58: Unresolved reference -> data/campaigns/The_Rise_Of_Wesnoth/images/portraits/logalmier.png
"/home/trewe/src/umc-campaigns/Return_from_Captivity/scenarios/01_The_Prison.cfg", line 86: Unresolved reference -> data/campaigns/Sceptre_of_Fire/images/portraits/durstorn.png
"/home/trewe/src/umc-campaigns/Return_from_Captivity/scenarios/02_The_Valley_of_the_Fear.cfg", line 7: Unresolved reference -> add-ons/Return_from_Captivity/maps/02_The_Valley_of_the_Fear.map
"/home/trewe/src/umc-campaigns/Return_from_Captivity/scenarios/02_The_Valley_of_the_Fear.cfg", line 51: Unresolved reference -> data/campaigns/The_Rise_Of_Wesnoth/images/portraits/logalmier.png
"/home/trewe/src/umc-campaigns/Return_from_Captivity/scenarios/02_The_Valley_of_the_Fear.cfg", line 78: Unresolved reference -> data/campaigns/Sceptre_of_Fire/images/portraits/durstorn.png
"/home/trewe/src/umc-campaigns/Return_from_Captivity/scenarios/03_Leaving_the_Island.cfg", line 7: Unresolved reference -> add-ons/Return_from_Captivity/maps/03_Leaving_the_Island.map
"/home/trewe/src/umc-campaigns/Return_from_Captivity/scenarios/03_Leaving_the_Island.cfg", line 44: Unresolved reference -> data/campaigns/The_Rise_Of_Wesnoth/images/portraits/logalmier.png
"/home/trewe/src/umc-campaigns/Return_from_Captivity/scenarios/03_Leaving_the_Island.cfg", line 67: Unresolved reference -> data/campaigns/Sceptre_of_Fire/images/portraits/durstorn.png
"/home/trewe/src/umc-campaigns/Return_from_Captivity/scenarios/04_Save_the_Forest.cfg", line 23: Unresolved reference -> add-ons/Return_from_Captivity/maps/04_Save_the_Forest.map
"/home/trewe/src/umc-campaigns/Return_from_Captivity/scenarios/04_Save_the_Forest.cfg", line 52: Unresolved reference -> data/campaigns/The_Rise_Of_Wesnoth/images/portraits/logalmier.png
"/home/trewe/src/umc-campaigns/Return_from_Captivity/scenarios/04_Save_the_Forest.cfg", line 76: Unresolved reference -> data/campaigns/Sceptre_of_Fire/images/portraits/durstorn.png
"/home/trewe/src/umc-campaigns/Return_from_Captivity/scenarios/05_The_Land_of_the_Dragons.cfg", line 7: Unresolved reference -> add-ons/Return_from_Captivity/maps/05_The_Land_of_the_Dragons.map
"/home/trewe/src/umc-campaigns/Return_from_Captivity/scenarios/05_The_Land_of_the_Dragons.cfg", line 37: Unresolved reference -> data/campaigns/The_Rise_Of_Wesnoth/images/portraits/logalmier.png
"/home/trewe/src/umc-campaigns/Return_from_Captivity/scenarios/05_The_Land_of_the_Dragons.cfg", line 60: Unresolved reference -> data/campaigns/Sceptre_of_Fire/images/portraits/durstorn.png
"/home/trewe/src/umc-campaigns/Return_from_Captivity/scenarios/05_The_Land_of_the_Dragons.cfg", line 429: Unresolved reference -> projectiles/lightning-n.png
"/home/trewe/src/umc-campaigns/Return_from_Captivity/scenarios/05_The_Land_of_the_Dragons.cfg", line 430: Unresolved reference -> projectiles/lightning-ne.png
"/home/trewe/src/umc-campaigns/Return_from_Captivity/scenarios/05_The_Land_of_the_Dragons.cfg", line 553: Unresolved reference -> units/monsters/scorpion.png
"/home/trewe/src/umc-campaigns/Return_from_Captivity/scenarios/06_The_Frozen_River.cfg", line 7: Unresolved reference -> add-ons/Return_from_Captivity/maps/06_The_Frozen_River.map
"/home/trewe/src/umc-campaigns/Return_from_Captivity/scenarios/06_The_Frozen_River.cfg", line 37: Unresolved reference -> data/campaigns/The_Rise_Of_Wesnoth/images/portraits/logalmier.png
"/home/trewe/src/umc-campaigns/Return_from_Captivity/scenarios/06_The_Frozen_River.cfg", line 60: Unresolved reference -> data/campaigns/Sceptre_of_Fire/images/portraits/durstorn.png
"/home/trewe/src/umc-campaigns/Return_from_Captivity/scenarios/07_The_Invisible_Legion.cfg", line 7: Unresolved reference -> add-ons/Return_from_Captivity/maps/07_The_Invisible_Legion.map
"/home/trewe/src/umc-campaigns/Return_from_Captivity/scenarios/07_The_Invisible_Legion.cfg", line 229: Unresolved reference -> data/campaigns/The_Rise_Of_Wesnoth/images/portraits/logalmier.png
"/home/trewe/src/umc-campaigns/Return_from_Captivity/scenarios/07_The_Invisible_Legion.cfg", line 255: Unresolved reference -> data/campaigns/Sceptre_of_Fire/images/portraits/durstorn.png
"/home/trewe/src/umc-campaigns/Return_from_Captivity/scenarios/08_The_Labyrinth.cfg", line 7: Unresolved reference -> add-ons/Return_from_Captivity/maps/08_The_Labyrinth.map
"/home/trewe/src/umc-campaigns/Return_from_Captivity/scenarios/08_The_Labyrinth.cfg", line 38: Unresolved reference -> data/campaigns/The_Rise_Of_Wesnoth/images/portraits/logalmier.png
"/home/trewe/src/umc-campaigns/Return_from_Captivity/scenarios/08_The_Labyrinth.cfg", line 62: Unresolved reference -> data/campaigns/Sceptre_of_Fire/images/portraits/durstorn.png
"/home/trewe/src/umc-campaigns/Return_from_Captivity/scenarios/09_Open_Sesame.cfg", line 7: Unresolved reference -> add-ons/Return_from_Captivity/maps/09_Open_Sesame.map
"/home/trewe/src/umc-campaigns/Return_from_Captivity/scenarios/09_Open_Sesame.cfg", line 46: Unresolved reference -> data/campaigns/The_Rise_Of_Wesnoth/images/portraits/logalmier.png
"/home/trewe/src/umc-campaigns/Return_from_Captivity/scenarios/09_Open_Sesame.cfg", line 70: Unresolved reference -> data/campaigns/Sceptre_of_Fire/images/portraits/durstorn.png
"/home/trewe/src/umc-campaigns/Return_from_Captivity/scenarios/09_Open_Sesame.cfg", line 414: Unresolved reference -> misc/status-friend.png
"/home/trewe/src/umc-campaigns/Return_from_Captivity/scenarios/09_Open_Sesame.cfg", line 459: Unresolved reference -> misc/status-friend.png
"/home/trewe/src/umc-campaigns/Return_from_Captivity/scenarios/10_The_Tunnel.cfg", line 7: Unresolved reference -> add-ons/Return_from_Captivity/maps/10_The_Tunnel.map
"/home/trewe/src/umc-campaigns/Return_from_Captivity/scenarios/10_The_Tunnel.cfg", line 42: Unresolved reference -> data/campaigns/The_Rise_Of_Wesnoth/images/portraits/logalmier.png
"/home/trewe/src/umc-campaigns/Return_from_Captivity/scenarios/10_The_Tunnel.cfg", line 67: Unresolved reference -> data/campaigns/Sceptre_of_Fire/images/portraits/durstorn.png
"/home/trewe/src/umc-campaigns/Return_from_Captivity/scenarios/11_Returning_to_Home.cfg", line 11: Unresolved reference -> add-ons/Return_from_Captivity/maps/11_Returning_to_Home.map
"/home/trewe/src/umc-campaigns/Return_from_Captivity/scenarios/11_Returning_to_Home.cfg", line 50: Unresolved reference -> data/campaigns/The_Rise_Of_Wesnoth/images/portraits/logalmier.png
"/home/trewe/src/umc-campaigns/Return_from_Captivity/scenarios/11_Returning_to_Home.cfg", line 75: Unresolved reference -> data/campaigns/Sceptre_of_Fire/images/portraits/durstorn.png
"/home/trewe/src/umc-campaigns/Return_from_Captivity/scenarios/11_Returning_to_Home.cfg", line 320: Unresolved reference -> units/elves-wood/scout.png
"/home/trewe/src/umc-campaigns/Return_from_Captivity/terrain/terrain_graphics.cfg", line 11: Unresolved reference -> ../scenery/fire1.png
"/home/trewe/src/umc-campaigns/Return_from_Captivity/terrain/terrain_graphics.cfg", line 11: Unresolved reference -> ../scenery/fire2.png
"/home/trewe/src/umc-campaigns/Return_from_Captivity/terrain/terrain_graphics.cfg", line 11: Unresolved reference -> ../scenery/fire3.png
"/home/trewe/src/umc-campaigns/Return_from_Captivity/terrain/terrain_graphics.cfg", line 11: Unresolved reference -> ../scenery/fire4.png
"/home/trewe/src/umc-campaigns/Return_from_Captivity/terrain/terrain_graphics.cfg", line 11: Unresolved reference -> ../scenery/fire5.png
"/home/trewe/src/umc-campaigns/Return_from_Captivity/terrain/terrain_graphics.cfg", line 11: Unresolved reference -> ../scenery/fire6.png
"/home/trewe/src/umc-campaigns/Return_from_Captivity/terrain/terrain_graphics.cfg", line 11: Unresolved reference -> ../scenery/fire7.png
"/home/trewe/src/umc-campaigns/Return_from_Captivity/terrain/terrain_graphics.cfg", line 11: Unresolved reference -> ../scenery/fire8.png
"/home/trewe/src/umc-campaigns/Return_from_Captivity/units/Cockatrice.cfg", line 104: Unresolved reference -> stoned.ogg
"/home/trewe/src/umc-campaigns/Return_from_Captivity/units/Dwarvish_Flamethower.cfg", line 13: Unresolved reference -> units/dwarves/dwarvish-flamethrower-defend.png
"/home/trewe/src/umc-campaigns/Return_from_Captivity/utils/abilities.cfg", line 103: Unresolved reference -> attacks/_ "stun".png
"/home/trewe/src/wesnoth/data/multiplayer/scenarios/ANL_utils/ANL_leader_options.cfg", line 579: Unresolved reference -> units/elves-wood/scout.png
"/home/trewe/src/wesnoth/data/multiplayer/scenarios/ANL_utils/ANL_research_options.cfg", line 72: Unresolved reference -> units/human-loyalists/cavalryman.png
"/home/trewe/src/wesnoth/data/multiplayer/scenarios/ANL_utils/ANL_research_options.cfg", line 73: Unresolved reference -> units/human-loyalists/horseman.png
"/home/trewe/src/wesnoth/data/themes/editor.cfg", line 609: Unresolved reference -> icons/terrain/terrain_type_info.png
"/home/trewe/src/wesnoth/data/campaigns/Legend_of_Wesmere/units/Horse_Archer.cfg", line 12: Unresolved reference -> units/elves-wood/rider-attack1.png
"/home/trewe/src/wesnoth/data/campaigns/The_South_Guard/scenarios/03_A_Desparate_Errand.cfg", line 234: Unresolved reference -> units/human-loyalists/cavalryman-attack.png
# Mismatched references:
"/home/trewe/src/wesnoth/data/core/macros/ai.cfg", line 503: macro AI_CONTROLLER_ALLOW_LEADER_CONTROL(CONTROLLER_SIDE=side, CONTROLLED_SIDE=side) has mismatches:
"/home/trewe/src/umc-campaigns/Return_from_Captivity/scenarios/04_Save_the_Forest.cfg", line 200: AI_CONTROLLER_ALLOW_LEADER_CONTROL(1,2, 6) with signature (CONTROLLER_SIDE=position, CONTROLLED_SIDE=numeric)
"/home/trewe/src/wesnoth/data/core/macros/side-utils.cfg", line 163: macro CAPTURE_VILLAGES_OF_TYPE(TERRAIN=terrain_code, SIDE=side, X=numeric, Y=numeric, RADIUS=numeric) has mismatches:
"/home/trewe/src/umc-campaigns/Return_from_Captivity/scenarios/07_The_Invisible_Legion.cfg", line 400: CAPTURE_VILLAGES_OF_TYPE(W*^V*, 8, 29, 21, 99) with signature (TERRAIN=name, SIDE=numeric, X=numeric, Y=numeric, RADIUS=numeric)
"/home/trewe/src/wesnoth/data/core/macros/ai_controller.cfg", line 887: macro DISABLE_AI_CONTROLLER_FOR_SIDE(AFFIX=affix, SIDE=side) has mismatches:
"/home/trewe/src/umc-campaigns/Return_from_Captivity/scenarios/04_Save_the_Forest.cfg", line 190: DISABLE_AI_CONTROLLER_FOR_SIDE(players, 1,2) with signature (AFFIX=name, SIDE=position)
"/home/trewe/src/wesnoth/data/core/terrain-graphics/overlay.cfg", line 162: macro OVERLAY(TERRAINLIST=terrain_pattern, IMAGESTEM=name) has mismatches:
"/home/trewe/src/umc-campaigns/Return_from_Captivity/terrain/terrain_graphics.cfg", line 11: OVERLAY(*^Fi|, ../scenery/fire1.png:200,../scenery/fire2.png:200,../scenery/fire3.png:200,../scenery/fire4.png:200,../scenery/fire5.png:200,../scenery/fire6.png:200,../scenery/fire7.png:200,../scenery/fire8.png:200) with signature (TERRAINLIST=terrain_code, IMAGESTEM=image)
"/home/trewe/src/umc-campaigns/Return_from_Captivity/scenarios/01_The_Prison.cfg", line 175: macro RESCUE_CAPTIVE(Xu=None, Yu=None, Xd=None, Yd=None, DESC=None, SIDE=side, RESCMSG=None, CAPTMSG=None) has mismatches:
"/home/trewe/src/umc-campaigns/Return_from_Captivity/scenarios/01_The_Prison.cfg", line 449: RESCUE_CAPTIVE(12, 4, 13, 5, Sirius, 1,2, _The wall is weak here! I'll try to break through!, _Thank you for making me free. In gratitude I'll join you, elves, in the battle.) with signature (Xu=numeric, Yu=numeric, Xd=numeric, Yd=numeric, DESC=name, SIDE=position, RESCMSG=stringliteral, CAPTMSG=stringliteral)
"/home/trewe/src/umc-campaigns/Return_from_Captivity/scenarios/01_The_Prison.cfg", line 450: RESCUE_CAPTIVE(3, 14, 4, 14, Tallus, 1,2, _I can pass through here!, _I'm free at last! I'll help you dwarves to get away from here!) with signature (Xu=numeric, Yu=numeric, Xd=numeric, Yd=numeric, DESC=name, SIDE=position, RESCMSG=stringliteral, CAPTMSG=stringliteral)
"/home/trewe/src/umc-campaigns/Return_from_Captivity/scenarios/01_The_Prison.cfg", line 451: RESCUE_CAPTIVE(29, 10, 28, 10, Trithatas, 1,2, _I can smash the wall here!, _Thanks for rescuing me! I will serve you, dwarves till you get home!) with signature (Xu=numeric, Yu=numeric, Xd=numeric, Yd=numeric, DESC=name, SIDE=position, RESCMSG=stringliteral, CAPTMSG=stringliteral)
"/home/trewe/src/umc-campaigns/Return_from_Captivity/scenarios/01_The_Prison.cfg", line 452: RESCUE_CAPTIVE(26, 19, 26, 18, Ameldor, 1,2, _The wall collapsed!, _I am out, hurray! I'll fight with you, elves, against the outlaws.) with signature (Xu=numeric, Yu=numeric, Xd=numeric, Yd=numeric, DESC=name, SIDE=position, RESCMSG=stringliteral, CAPTMSG=stringliteral)
"/home/trewe/src/umc-campaigns/Return_from_Captivity/units/Raindancer.cfg", line 137: macro SIDHE_LIGHTNING(VAR=name) has mismatches:
"/home/trewe/src/umc-campaigns/Return_from_Captivity/units/Raindancer.cfg", line 206: SIDHE_LIGHTNING(1) with signature (VAR=numeric)
"/home/trewe/src/umc-campaigns/Return_from_Captivity/units/Raindancer.cfg", line 207: SIDHE_LIGHTNING(2) with signature (VAR=numeric)
"/home/trewe/src/umc-campaigns/Return_from_Captivity/units/Raindancer.cfg", line 208: SIDHE_LIGHTNING(3) with signature (VAR=numeric)
"/home/trewe/src/umc-campaigns/Return_from_Captivity/units/Stormlord.cfg", line 59: macro SLORD_LIGHTNING(VAR=name) has mismatches:
"/home/trewe/src/umc-campaigns/Return_from_Captivity/units/Stormlord.cfg", line 128: SLORD_LIGHTNING(1) with signature (VAR=numeric)
"/home/trewe/src/umc-campaigns/Return_from_Captivity/units/Stormlord.cfg", line 129: SLORD_LIGHTNING(2) with signature (VAR=numeric)
"/home/trewe/src/umc-campaigns/Return_from_Captivity/units/Stormlord.cfg", line 130: SLORD_LIGHTNING(3) with signature (VAR=numeric)
"/home/trewe/src/umc-campaigns/Return_from_Captivity/units/Thunderblade.cfg", line 58: macro TBLADE_LIGHTNING(VAR=name) has mismatches:
"/home/trewe/src/umc-campaigns/Return_from_Captivity/units/Thunderblade.cfg", line 128: TBLADE_LIGHTNING(1) with signature (VAR=numeric)
"/home/trewe/src/umc-campaigns/Return_from_Captivity/units/Thunderblade.cfg", line 129: TBLADE_LIGHTNING(2) with signature (VAR=numeric)
"/home/trewe/src/umc-campaigns/Return_from_Captivity/units/Thunderblade.cfg", line 130: TBLADE_LIGHTNING(3) with signature (VAR=numeric)
"/home/trewe/src/umc-campaigns/Return_from_Captivity/units/Tempest.cfg", line 74: macro TEMPEST_LIGHTNING(VAR=name) has mismatches:
"/home/trewe/src/umc-campaigns/Return_from_Captivity/units/Tempest.cfg", line 143: TEMPEST_LIGHTNING(1) with signature (VAR=numeric)
"/home/trewe/src/umc-campaigns/Return_from_Captivity/units/Tempest.cfg", line 144: TEMPEST_LIGHTNING(2) with signature (VAR=numeric)
"/home/trewe/src/umc-campaigns/Return_from_Captivity/units/Tempest.cfg", line 145: TEMPEST_LIGHTNING(3) with signature (VAR=numeric)
"/home/trewe/src/wesnoth/data/core/macros/utils.cfg", line 178: macro VARIABLE_OP(VAR=name, OP_NAME=name, VALUE=any) has mismatches:
"/home/trewe/src/umc-campaigns/Return_from_Captivity/scenarios/08_The_Labyrinth.cfg", line 491: VARIABLE_OP(xloc, rand6..$xmax) with signature (VAR=name, OP_NAME=name)
"/home/trewe/src/umc-campaigns/Return_from_Captivity/scenarios/08_The_Labyrinth.cfg", line 492: VARIABLE_OP(yloc, rand4..$ymax) with signature (VAR=name, OP_NAME=name)
"/home/trewe/src/umc-campaigns/Return_from_Captivity/units/Windlasher.cfg", line 74: macro WIND_LIGHTNING(VAR=name) has mismatches:
"/home/trewe/src/umc-campaigns/Return_from_Captivity/units/Windlasher.cfg", line 143: WIND_LIGHTNING(1) with signature (VAR=numeric)
"/home/trewe/src/umc-campaigns/Return_from_Captivity/units/Windlasher.cfg", line 144: WIND_LIGHTNING(2) with signature (VAR=numeric)
"/home/trewe/src/umc-campaigns/Return_from_Captivity/units/Windlasher.cfg", line 145: WIND_LIGHTNING(3) with signature (VAR=numeric)
"/home/trewe/src/umc-campaigns/Return_from_Captivity/units/Warmage.cfg", line 57: macro WMAGE_LIGHTNING(VAR=name) has mismatches:
"/home/trewe/src/umc-campaigns/Return_from_Captivity/units/Warmage.cfg", line 127: WMAGE_LIGHTNING(1) with signature (VAR=numeric)
"/home/trewe/src/umc-campaigns/Return_from_Captivity/units/Warmage.cfg", line 128: WMAGE_LIGHTNING(2) with signature (VAR=numeric)
"/home/trewe/src/umc-campaigns/Return_from_Captivity/units/Warmage.cfg", line 129: WMAGE_LIGHTNING(3) with signature (VAR=numeric)
